[2021-07-03 00:00:14] local.ERROR: The file "" does not exist {"exception":"[object] (Symfony\\Component\\HttpFoundation\\File\\Exception\\FileNotFoundException(code: 0): The file \"\" does not exist at /Users/edinmesanovic/Desktop/interview-assignment/vendor/symfony/http-foundation/File/File.php:36)
[stacktrace]
#0 /Users/edinmesanovic/Desktop/interview-assignment/vendor/symfony/http-foundation/BinaryFileResponse.php(93): Symfony\\Component\\HttpFoundation\\File\\File->__construct('')
#1 /Users/edinmesanovic/Desktop/interview-assignment/vendor/symfony/http-foundation/BinaryFileResponse.php(51): Symfony\\Component\\HttpFoundation\\BinaryFileResponse->setFile(NULL, 'attachment', false, true)
#2 /Users/edinmesanovic/Desktop/interview-assignment/vendor/laravel/lumen-framework/src/Http/ResponseFactory.php(67): Symfony\\Component\\HttpFoundation\\BinaryFileResponse->__construct(NULL, 200, Array, true, 'attachment')
#3 /Users/edinmesanovic/Desktop/interview-assignment/app/Http/Controllers/UserController.php(39): Laravel\\Lumen\\Http\\ResponseFactory->download(NULL, 'users.csv', Array)
#4 /Users/edinmesanovic/Desktop/interview-assignment/vendor/illuminate/container/BoundMethod.php(36): App\\Http\\Controllers\\UserController->export()
#5 /Users/edinmesanovic/Desktop/interview-assignment/vendor/illuminate/container/Util.php(40): Illuminate\\Container\\BoundMethod::Illuminate\\Container\\{closure}()
#6 /Users/edinmesanovic/Desktop/interview-assignment/vendor/illuminate/container/BoundMethod.php(93): Illuminate\\Container\\Util::unwrapIfClosure(Object(Closure))
#7 /Users/edinmesanovic/Desktop/interview-assignment/vendor/illuminate/container/BoundMethod.php(37): Illuminate\\Container\\BoundMethod::callBoundMethod(Object(Laravel\\Lumen\\Application), Array, Object(Closure))
#8 /Users/edinmesanovic/Desktop/interview-assignment/vendor/illuminate/container/Container.php(651): Illuminate\\Container\\BoundMethod::call(Object(Laravel\\Lumen\\Application), Array, Array, NULL)
#9 /Users/edinmesanovic/Desktop/interview-assignment/vendor/laravel/lumen-framework/src/Concerns/RoutesRequests.php(386): Illuminate\\Container\\Container->call(Array, Array)
#10 /Users/edinmesanovic/Desktop/interview-assignment/vendor/laravel/lumen-framework/src/Concerns/RoutesRequests.php(352): Laravel\\Lumen\\Application->callControllerCallable(Array, Array)
#11 /Users/edinmesanovic/Desktop/interview-assignment/vendor/laravel/lumen-framework/src/Concerns/RoutesRequests.php(326): Laravel\\Lumen\\Application->callLumenController(Object(App\\Http\\Controllers\\UserController), 'export', Array)
#12 /Users/edinmesanovic/Desktop/interview-assignment/vendor/laravel/lumen-framework/src/Concerns/RoutesRequests.php(279): Laravel\\Lumen\\Application->callControllerAction(Array)
#13 /Users/edinmesanovic/Desktop/interview-assignment/vendor/laravel/lumen-framework/src/Concerns/RoutesRequests.php(264): Laravel\\Lumen\\Application->callActionOnArrayBasedRoute(Array)
#14 /Users/edinmesanovic/Desktop/interview-assignment/vendor/laravel/lumen-framework/src/Concerns/RoutesRequests.php(166): Laravel\\Lumen\\Application->handleFoundRoute(Array)
#15 /Users/edinmesanovic/Desktop/interview-assignment/vendor/laravel/lumen-framework/src/Concerns/RoutesRequests.php(426): Laravel\\Lumen\\Application->Laravel\\Lumen\\Concerns\\{closure}(Object(Laravel\\Lumen\\Http\\Request))
#16 /Users/edinmesanovic/Desktop/interview-assignment/vendor/laravel/lumen-framework/src/Concerns/RoutesRequests.php(172): Laravel\\Lumen\\Application->sendThroughPipeline(Array, Object(Closure))
#17 /Users/edinmesanovic/Desktop/interview-assignment/vendor/laravel/lumen-framework/src/Concerns/RoutesRequests.php(109): Laravel\\Lumen\\Application->dispatch(NULL)
#18 /Users/edinmesanovic/Desktop/interview-assignment/public/index.php(28): Laravel\\Lumen\\Application->run()
#19 {main}
"} 
[2021-07-03 00:01:14] local.ERROR: Return value of App\Http\Controllers\UserController::generateCsvFile() must be an instance of phpDocumentor\Reflection\Types\Resource_, none returned {"exception":"[object] (TypeError(code: 0): Return value of App\\Http\\Controllers\\UserController::generateCsvFile() must be an instance of phpDocumentor\\Reflection\\Types\\Resource_, none returned at /Users/edinmesanovic/Desktop/interview-assignment/app/Http/Controllers/UserController.php:58)
[stacktrace]
#0 /Users/edinmesanovic/Desktop/interview-assignment/app/Http/Controllers/UserController.php(38): App\\Http\\Controllers\\UserController->generateCsvFile(Object(Illuminate\\Support\\Collection), Array)
#1 /Users/edinmesanovic/Desktop/interview-assignment/vendor/illuminate/container/BoundMethod.php(36): App\\Http\\Controllers\\UserController->export()
#2 /Users/edinmesanovic/Desktop/interview-assignment/vendor/illuminate/container/Util.php(40): Illuminate\\Container\\BoundMethod::Illuminate\\Container\\{closure}()
#3 /Users/edinmesanovic/Desktop/interview-assignment/vendor/illuminate/container/BoundMethod.php(93): Illuminate\\Container\\Util::unwrapIfClosure(Object(Closure))
#4 /Users/edinmesanovic/Desktop/interview-assignment/vendor/illuminate/container/BoundMethod.php(37): Illuminate\\Container\\BoundMethod::callBoundMethod(Object(Laravel\\Lumen\\Application), Array, Object(Closure))
#5 /Users/edinmesanovic/Desktop/interview-assignment/vendor/illuminate/container/Container.php(651): Illuminate\\Container\\BoundMethod::call(Object(Laravel\\Lumen\\Application), Array, Array, NULL)
#6 /Users/edinmesanovic/Desktop/interview-assignment/vendor/laravel/lumen-framework/src/Concerns/RoutesRequests.php(386): Illuminate\\Container\\Container->call(Array, Array)
#7 /Users/edinmesanovic/Desktop/interview-assignment/vendor/laravel/lumen-framework/src/Concerns/RoutesRequests.php(352): Laravel\\Lumen\\Application->callControllerCallable(Array, Array)
#8 /Users/edinmesanovic/Desktop/interview-assignment/vendor/laravel/lumen-framework/src/Concerns/RoutesRequests.php(326): Laravel\\Lumen\\Application->callLumenController(Object(App\\Http\\Controllers\\UserController), 'export', Array)
#9 /Users/edinmesanovic/Desktop/interview-assignment/vendor/laravel/lumen-framework/src/Concerns/RoutesRequests.php(279): Laravel\\Lumen\\Application->callControllerAction(Array)
#10 /Users/edinmesanovic/Desktop/interview-assignment/vendor/laravel/lumen-framework/src/Concerns/RoutesRequests.php(264): Laravel\\Lumen\\Application->callActionOnArrayBasedRoute(Array)
#11 /Users/edinmesanovic/Desktop/interview-assignment/vendor/laravel/lumen-framework/src/Concerns/RoutesRequests.php(166): Laravel\\Lumen\\Application->handleFoundRoute(Array)
#12 /Users/edinmesanovic/Desktop/interview-assignment/vendor/laravel/lumen-framework/src/Concerns/RoutesRequests.php(426): Laravel\\Lumen\\Application->Laravel\\Lumen\\Concerns\\{closure}(Object(Laravel\\Lumen\\Http\\Request))
#13 /Users/edinmesanovic/Desktop/interview-assignment/vendor/laravel/lumen-framework/src/Concerns/RoutesRequests.php(172): Laravel\\Lumen\\Application->sendThroughPipeline(Array, Object(Closure))
#14 /Users/edinmesanovic/Desktop/interview-assignment/vendor/laravel/lumen-framework/src/Concerns/RoutesRequests.php(109): Laravel\\Lumen\\Application->dispatch(NULL)
#15 /Users/edinmesanovic/Desktop/interview-assignment/public/index.php(28): Laravel\\Lumen\\Application->run()
#16 {main}
"} 
[2021-07-03 00:04:35] local.ERROR: Return value of App\Http\Controllers\UserController::generateCsvFile() must be an instance of App\Http\Controllers\resource, resource returned {"exception":"[object] (TypeError(code: 0): Return value of App\\Http\\Controllers\\UserController::generateCsvFile() must be an instance of App\\Http\\Controllers\esource, resource returned at /Users/edinmesanovic/Desktop/interview-assignment/app/Http/Controllers/UserController.php:59)
[stacktrace]
#0 /Users/edinmesanovic/Desktop/interview-assignment/app/Http/Controllers/UserController.php(39): App\\Http\\Controllers\\UserController->generateCsvFile(Object(Illuminate\\Support\\Collection), Array)
#1 /Users/edinmesanovic/Desktop/interview-assignment/vendor/illuminate/container/BoundMethod.php(36): App\\Http\\Controllers\\UserController->export()
#2 /Users/edinmesanovic/Desktop/interview-assignment/vendor/illuminate/container/Util.php(40): Illuminate\\Container\\BoundMethod::Illuminate\\Container\\{closure}()
#3 /Users/edinmesanovic/Desktop/interview-assignment/vendor/illuminate/container/BoundMethod.php(93): Illuminate\\Container\\Util::unwrapIfClosure(Object(Closure))
#4 /Users/edinmesanovic/Desktop/interview-assignment/vendor/illuminate/container/BoundMethod.php(37): Illuminate\\Container\\BoundMethod::callBoundMethod(Object(Laravel\\Lumen\\Application), Array, Object(Closure))
#5 /Users/edinmesanovic/Desktop/interview-assignment/vendor/illuminate/container/Container.php(651): Illuminate\\Container\\BoundMethod::call(Object(Laravel\\Lumen\\Application), Array, Array, NULL)
#6 /Users/edinmesanovic/Desktop/interview-assignment/vendor/laravel/lumen-framework/src/Concerns/RoutesRequests.php(386): Illuminate\\Container\\Container->call(Array, Array)
#7 /Users/edinmesanovic/Desktop/interview-assignment/vendor/laravel/lumen-framework/src/Concerns/RoutesRequests.php(352): Laravel\\Lumen\\Application->callControllerCallable(Array, Array)
#8 /Users/edinmesanovic/Desktop/interview-assignment/vendor/laravel/lumen-framework/src/Concerns/RoutesRequests.php(326): Laravel\\Lumen\\Application->callLumenController(Object(App\\Http\\Controllers\\UserController), 'export', Array)
#9 /Users/edinmesanovic/Desktop/interview-assignment/vendor/laravel/lumen-framework/src/Concerns/RoutesRequests.php(279): Laravel\\Lumen\\Application->callControllerAction(Array)
#10 /Users/edinmesanovic/Desktop/interview-assignment/vendor/laravel/lumen-framework/src/Concerns/RoutesRequests.php(264): Laravel\\Lumen\\Application->callActionOnArrayBasedRoute(Array)
#11 /Users/edinmesanovic/Desktop/interview-assignment/vendor/laravel/lumen-framework/src/Concerns/RoutesRequests.php(166): Laravel\\Lumen\\Application->handleFoundRoute(Array)
#12 /Users/edinmesanovic/Desktop/interview-assignment/vendor/laravel/lumen-framework/src/Concerns/RoutesRequests.php(426): Laravel\\Lumen\\Application->Laravel\\Lumen\\Concerns\\{closure}(Object(Laravel\\Lumen\\Http\\Request))
#13 /Users/edinmesanovic/Desktop/interview-assignment/vendor/laravel/lumen-framework/src/Concerns/RoutesRequests.php(172): Laravel\\Lumen\\Application->sendThroughPipeline(Array, Object(Closure))
#14 /Users/edinmesanovic/Desktop/interview-assignment/vendor/laravel/lumen-framework/src/Concerns/RoutesRequests.php(109): Laravel\\Lumen\\Application->dispatch(NULL)
#15 /Users/edinmesanovic/Desktop/interview-assignment/public/index.php(28): Laravel\\Lumen\\Application->run()
#16 {main}
"} 
[2021-07-03 00:05:02] local.ERROR: The file "Resource id #5" does not exist {"exception":"[object] (Symfony\\Component\\HttpFoundation\\File\\Exception\\FileNotFoundException(code: 0): The file \"Resource id #5\" does not exist at /Users/edinmesanovic/Desktop/interview-assignment/vendor/symfony/http-foundation/File/File.php:36)
[stacktrace]
#0 /Users/edinmesanovic/Desktop/interview-assignment/vendor/symfony/http-foundation/BinaryFileResponse.php(93): Symfony\\Component\\HttpFoundation\\File\\File->__construct('Resource id #5')
#1 /Users/edinmesanovic/Desktop/interview-assignment/vendor/symfony/http-foundation/BinaryFileResponse.php(51): Symfony\\Component\\HttpFoundation\\BinaryFileResponse->setFile(Resource id #5, 'attachment', false, true)
#2 /Users/edinmesanovic/Desktop/interview-assignment/vendor/laravel/lumen-framework/src/Http/ResponseFactory.php(67): Symfony\\Component\\HttpFoundation\\BinaryFileResponse->__construct(Resource id #5, 200, Array, true, 'attachment')
#3 /Users/edinmesanovic/Desktop/interview-assignment/app/Http/Controllers/UserController.php(40): Laravel\\Lumen\\Http\\ResponseFactory->download(Resource id #5, 'users.csv', Array)
#4 /Users/edinmesanovic/Desktop/interview-assignment/vendor/illuminate/container/BoundMethod.php(36): App\\Http\\Controllers\\UserController->export()
#5 /Users/edinmesanovic/Desktop/interview-assignment/vendor/illuminate/container/Util.php(40): Illuminate\\Container\\BoundMethod::Illuminate\\Container\\{closure}()
#6 /Users/edinmesanovic/Desktop/interview-assignment/vendor/illuminate/container/BoundMethod.php(93): Illuminate\\Container\\Util::unwrapIfClosure(Object(Closure))
#7 /Users/edinmesanovic/Desktop/interview-assignment/vendor/illuminate/container/BoundMethod.php(37): Illuminate\\Container\\BoundMethod::callBoundMethod(Object(Laravel\\Lumen\\Application), Array, Object(Closure))
#8 /Users/edinmesanovic/Desktop/interview-assignment/vendor/illuminate/container/Container.php(651): Illuminate\\Container\\BoundMethod::call(Object(Laravel\\Lumen\\Application), Array, Array, NULL)
#9 /Users/edinmesanovic/Desktop/interview-assignment/vendor/laravel/lumen-framework/src/Concerns/RoutesRequests.php(386): Illuminate\\Container\\Container->call(Array, Array)
#10 /Users/edinmesanovic/Desktop/interview-assignment/vendor/laravel/lumen-framework/src/Concerns/RoutesRequests.php(352): Laravel\\Lumen\\Application->callControllerCallable(Array, Array)
#11 /Users/edinmesanovic/Desktop/interview-assignment/vendor/laravel/lumen-framework/src/Concerns/RoutesRequests.php(326): Laravel\\Lumen\\Application->callLumenController(Object(App\\Http\\Controllers\\UserController), 'export', Array)
#12 /Users/edinmesanovic/Desktop/interview-assignment/vendor/laravel/lumen-framework/src/Concerns/RoutesRequests.php(279): Laravel\\Lumen\\Application->callControllerAction(Array)
#13 /Users/edinmesanovic/Desktop/interview-assignment/vendor/laravel/lumen-framework/src/Concerns/RoutesRequests.php(264): Laravel\\Lumen\\Application->callActionOnArrayBasedRoute(Array)
#14 /Users/edinmesanovic/Desktop/interview-assignment/vendor/laravel/lumen-framework/src/Concerns/RoutesRequests.php(166): Laravel\\Lumen\\Application->handleFoundRoute(Array)
#15 /Users/edinmesanovic/Desktop/interview-assignment/vendor/laravel/lumen-framework/src/Concerns/RoutesRequests.php(426): Laravel\\Lumen\\Application->Laravel\\Lumen\\Concerns\\{closure}(Object(Laravel\\Lumen\\Http\\Request))
#16 /Users/edinmesanovic/Desktop/interview-assignment/vendor/laravel/lumen-framework/src/Concerns/RoutesRequests.php(172): Laravel\\Lumen\\Application->sendThroughPipeline(Array, Object(Closure))
#17 /Users/edinmesanovic/Desktop/interview-assignment/vendor/laravel/lumen-framework/src/Concerns/RoutesRequests.php(109): Laravel\\Lumen\\Application->dispatch(NULL)
#18 /Users/edinmesanovic/Desktop/interview-assignment/public/index.php(28): Laravel\\Lumen\\Application->run()
#19 {main}
"} 
[2021-07-03 00:05:59] local.ERROR: Return value of App\Http\Controllers\UserController::generateCsvFile() must be of the type bool, resource returned {"exception":"[object] (TypeError(code: 0): Return value of App\\Http\\Controllers\\UserController::generateCsvFile() must be of the type bool, resource returned at /Users/edinmesanovic/Desktop/interview-assignment/app/Http/Controllers/UserController.php:59)
[stacktrace]
#0 /Users/edinmesanovic/Desktop/interview-assignment/app/Http/Controllers/UserController.php(39): App\\Http\\Controllers\\UserController->generateCsvFile(Object(Illuminate\\Support\\Collection), Array)
#1 /Users/edinmesanovic/Desktop/interview-assignment/vendor/illuminate/container/BoundMethod.php(36): App\\Http\\Controllers\\UserController->export()
#2 /Users/edinmesanovic/Desktop/interview-assignment/vendor/illuminate/container/Util.php(40): Illuminate\\Container\\BoundMethod::Illuminate\\Container\\{closure}()
#3 /Users/edinmesanovic/Desktop/interview-assignment/vendor/illuminate/container/BoundMethod.php(93): Illuminate\\Container\\Util::unwrapIfClosure(Object(Closure))
#4 /Users/edinmesanovic/Desktop/interview-assignment/vendor/illuminate/container/BoundMethod.php(37): Illuminate\\Container\\BoundMethod::callBoundMethod(Object(Laravel\\Lumen\\Application), Array, Object(Closure))
#5 /Users/edinmesanovic/Desktop/interview-assignment/vendor/illuminate/container/Container.php(651): Illuminate\\Container\\BoundMethod::call(Object(Laravel\\Lumen\\Application), Array, Array, NULL)
#6 /Users/edinmesanovic/Desktop/interview-assignment/vendor/laravel/lumen-framework/src/Concerns/RoutesRequests.php(386): Illuminate\\Container\\Container->call(Array, Array)
#7 /Users/edinmesanovic/Desktop/interview-assignment/vendor/laravel/lumen-framework/src/Concerns/RoutesRequests.php(352): Laravel\\Lumen\\Application->callControllerCallable(Array, Array)
#8 /Users/edinmesanovic/Desktop/interview-assignment/vendor/laravel/lumen-framework/src/Concerns/RoutesRequests.php(326): Laravel\\Lumen\\Application->callLumenController(Object(App\\Http\\Controllers\\UserController), 'export', Array)
#9 /Users/edinmesanovic/Desktop/interview-assignment/vendor/laravel/lumen-framework/src/Concerns/RoutesRequests.php(279): Laravel\\Lumen\\Application->callControllerAction(Array)
#10 /Users/edinmesanovic/Desktop/interview-assignment/vendor/laravel/lumen-framework/src/Concerns/RoutesRequests.php(264): Laravel\\Lumen\\Application->callActionOnArrayBasedRoute(Array)
#11 /Users/edinmesanovic/Desktop/interview-assignment/vendor/laravel/lumen-framework/src/Concerns/RoutesRequests.php(166): Laravel\\Lumen\\Application->handleFoundRoute(Array)
#12 /Users/edinmesanovic/Desktop/interview-assignment/vendor/laravel/lumen-framework/src/Concerns/RoutesRequests.php(426): Laravel\\Lumen\\Application->Laravel\\Lumen\\Concerns\\{closure}(Object(Laravel\\Lumen\\Http\\Request))
#13 /Users/edinmesanovic/Desktop/interview-assignment/vendor/laravel/lumen-framework/src/Concerns/RoutesRequests.php(172): Laravel\\Lumen\\Application->sendThroughPipeline(Array, Object(Closure))
#14 /Users/edinmesanovic/Desktop/interview-assignment/vendor/laravel/lumen-framework/src/Concerns/RoutesRequests.php(109): Laravel\\Lumen\\Application->dispatch(NULL)
#15 /Users/edinmesanovic/Desktop/interview-assignment/public/index.php(28): Laravel\\Lumen\\Application->run()
#16 {main}
"} 
[2021-07-03 00:08:08] local.ERROR: The file "Resource id #5" does not exist {"exception":"[object] (Symfony\\Component\\HttpFoundation\\File\\Exception\\FileNotFoundException(code: 0): The file \"Resource id #5\" does not exist at /Users/edinmesanovic/Desktop/interview-assignment/vendor/symfony/http-foundation/File/File.php:36)
[stacktrace]
#0 /Users/edinmesanovic/Desktop/interview-assignment/vendor/symfony/http-foundation/BinaryFileResponse.php(93): Symfony\\Component\\HttpFoundation\\File\\File->__construct('Resource id #5')
#1 /Users/edinmesanovic/Desktop/interview-assignment/vendor/symfony/http-foundation/BinaryFileResponse.php(51): Symfony\\Component\\HttpFoundation\\BinaryFileResponse->setFile(Resource id #5, 'attachment', false, true)
#2 /Users/edinmesanovic/Desktop/interview-assignment/vendor/laravel/lumen-framework/src/Http/ResponseFactory.php(67): Symfony\\Component\\HttpFoundation\\BinaryFileResponse->__construct(Resource id #5, 200, Array, true, 'attachment')
#3 /Users/edinmesanovic/Desktop/interview-assignment/app/Http/Controllers/UserController.php(43): Laravel\\Lumen\\Http\\ResponseFactory->download(Resource id #5, 'users.csv', Array)
#4 /Users/edinmesanovic/Desktop/interview-assignment/vendor/illuminate/container/BoundMethod.php(36): App\\Http\\Controllers\\UserController->export()
#5 /Users/edinmesanovic/Desktop/interview-assignment/vendor/illuminate/container/Util.php(40): Illuminate\\Container\\BoundMethod::Illuminate\\Container\\{closure}()
#6 /Users/edinmesanovic/Desktop/interview-assignment/vendor/illuminate/container/BoundMethod.php(93): Illuminate\\Container\\Util::unwrapIfClosure(Object(Closure))
#7 /Users/edinmesanovic/Desktop/interview-assignment/vendor/illuminate/container/BoundMethod.php(37): Illuminate\\Container\\BoundMethod::callBoundMethod(Object(Laravel\\Lumen\\Application), Array, Object(Closure))
#8 /Users/edinmesanovic/Desktop/interview-assignment/vendor/illuminate/container/Container.php(651): Illuminate\\Container\\BoundMethod::call(Object(Laravel\\Lumen\\Application), Array, Array, NULL)
#9 /Users/edinmesanovic/Desktop/interview-assignment/vendor/laravel/lumen-framework/src/Concerns/RoutesRequests.php(386): Illuminate\\Container\\Container->call(Array, Array)
#10 /Users/edinmesanovic/Desktop/interview-assignment/vendor/laravel/lumen-framework/src/Concerns/RoutesRequests.php(352): Laravel\\Lumen\\Application->callControllerCallable(Array, Array)
#11 /Users/edinmesanovic/Desktop/interview-assignment/vendor/laravel/lumen-framework/src/Concerns/RoutesRequests.php(326): Laravel\\Lumen\\Application->callLumenController(Object(App\\Http\\Controllers\\UserController), 'export', Array)
#12 /Users/edinmesanovic/Desktop/interview-assignment/vendor/laravel/lumen-framework/src/Concerns/RoutesRequests.php(279): Laravel\\Lumen\\Application->callControllerAction(Array)
#13 /Users/edinmesanovic/Desktop/interview-assignment/vendor/laravel/lumen-framework/src/Concerns/RoutesRequests.php(264): Laravel\\Lumen\\Application->callActionOnArrayBasedRoute(Array)
#14 /Users/edinmesanovic/Desktop/interview-assignment/vendor/laravel/lumen-framework/src/Concerns/RoutesRequests.php(166): Laravel\\Lumen\\Application->handleFoundRoute(Array)
#15 /Users/edinmesanovic/Desktop/interview-assignment/vendor/laravel/lumen-framework/src/Concerns/RoutesRequests.php(426): Laravel\\Lumen\\Application->Laravel\\Lumen\\Concerns\\{closure}(Object(Laravel\\Lumen\\Http\\Request))
#16 /Users/edinmesanovic/Desktop/interview-assignment/vendor/laravel/lumen-framework/src/Concerns/RoutesRequests.php(172): Laravel\\Lumen\\Application->sendThroughPipeline(Array, Object(Closure))
#17 /Users/edinmesanovic/Desktop/interview-assignment/vendor/laravel/lumen-framework/src/Concerns/RoutesRequests.php(109): Laravel\\Lumen\\Application->dispatch(NULL)
#18 /Users/edinmesanovic/Desktop/interview-assignment/public/index.php(28): Laravel\\Lumen\\Application->run()
#19 {main}
"} 
[2021-07-03 00:08:35] local.ERROR: The file "Resource id #5" does not exist {"exception":"[object] (Symfony\\Component\\HttpFoundation\\File\\Exception\\FileNotFoundException(code: 0): The file \"Resource id #5\" does not exist at /Users/edinmesanovic/Desktop/interview-assignment/vendor/symfony/http-foundation/File/File.php:36)
[stacktrace]
#0 /Users/edinmesanovic/Desktop/interview-assignment/vendor/symfony/http-foundation/BinaryFileResponse.php(93): Symfony\\Component\\HttpFoundation\\File\\File->__construct('Resource id #5')
#1 /Users/edinmesanovic/Desktop/interview-assignment/vendor/symfony/http-foundation/BinaryFileResponse.php(51): Symfony\\Component\\HttpFoundation\\BinaryFileResponse->setFile(Resource id #5, 'attachment', false, true)
#2 /Users/edinmesanovic/Desktop/interview-assignment/vendor/laravel/lumen-framework/src/Http/ResponseFactory.php(67): Symfony\\Component\\HttpFoundation\\BinaryFileResponse->__construct(Resource id #5, 200, Array, true, 'attachment')
#3 /Users/edinmesanovic/Desktop/interview-assignment/app/Http/Controllers/UserController.php(40): Laravel\\Lumen\\Http\\ResponseFactory->download(Resource id #5, 'users.csv', Array)
#4 /Users/edinmesanovic/Desktop/interview-assignment/vendor/illuminate/container/BoundMethod.php(36): App\\Http\\Controllers\\UserController->export()
#5 /Users/edinmesanovic/Desktop/interview-assignment/vendor/illuminate/container/Util.php(40): Illuminate\\Container\\BoundMethod::Illuminate\\Container\\{closure}()
#6 /Users/edinmesanovic/Desktop/interview-assignment/vendor/illuminate/container/BoundMethod.php(93): Illuminate\\Container\\Util::unwrapIfClosure(Object(Closure))
#7 /Users/edinmesanovic/Desktop/interview-assignment/vendor/illuminate/container/BoundMethod.php(37): Illuminate\\Container\\BoundMethod::callBoundMethod(Object(Laravel\\Lumen\\Application), Array, Object(Closure))
#8 /Users/edinmesanovic/Desktop/interview-assignment/vendor/illuminate/container/Container.php(651): Illuminate\\Container\\BoundMethod::call(Object(Laravel\\Lumen\\Application), Array, Array, NULL)
#9 /Users/edinmesanovic/Desktop/interview-assignment/vendor/laravel/lumen-framework/src/Concerns/RoutesRequests.php(386): Illuminate\\Container\\Container->call(Array, Array)
#10 /Users/edinmesanovic/Desktop/interview-assignment/vendor/laravel/lumen-framework/src/Concerns/RoutesRequests.php(352): Laravel\\Lumen\\Application->callControllerCallable(Array, Array)
#11 /Users/edinmesanovic/Desktop/interview-assignment/vendor/laravel/lumen-framework/src/Concerns/RoutesRequests.php(326): Laravel\\Lumen\\Application->callLumenController(Object(App\\Http\\Controllers\\UserController), 'export', Array)
#12 /Users/edinmesanovic/Desktop/interview-assignment/vendor/laravel/lumen-framework/src/Concerns/RoutesRequests.php(279): Laravel\\Lumen\\Application->callControllerAction(Array)
#13 /Users/edinmesanovic/Desktop/interview-assignment/vendor/laravel/lumen-framework/src/Concerns/RoutesRequests.php(264): Laravel\\Lumen\\Application->callActionOnArrayBasedRoute(Array)
#14 /Users/edinmesanovic/Desktop/interview-assignment/vendor/laravel/lumen-framework/src/Concerns/RoutesRequests.php(166): Laravel\\Lumen\\Application->handleFoundRoute(Array)
#15 /Users/edinmesanovic/Desktop/interview-assignment/vendor/laravel/lumen-framework/src/Concerns/RoutesRequests.php(426): Laravel\\Lumen\\Application->Laravel\\Lumen\\Concerns\\{closure}(Object(Laravel\\Lumen\\Http\\Request))
#16 /Users/edinmesanovic/Desktop/interview-assignment/vendor/laravel/lumen-framework/src/Concerns/RoutesRequests.php(172): Laravel\\Lumen\\Application->sendThroughPipeline(Array, Object(Closure))
#17 /Users/edinmesanovic/Desktop/interview-assignment/vendor/laravel/lumen-framework/src/Concerns/RoutesRequests.php(109): Laravel\\Lumen\\Application->dispatch(NULL)
#18 /Users/edinmesanovic/Desktop/interview-assignment/public/index.php(28): Laravel\\Lumen\\Application->run()
#19 {main}
"} 
[2021-07-03 00:12:01] local.ERROR: Undefined variable: tempFile {"exception":"[object] (ErrorException(code: 0): Undefined variable: tempFile at /Users/edinmesanovic/Desktop/interview-assignment/app/Http/Controllers/UserController.php:58)
[stacktrace]
#0 /Users/edinmesanovic/Desktop/interview-assignment/app/Http/Controllers/UserController.php(58): Laravel\\Lumen\\Application->Laravel\\Lumen\\Concerns\\{closure}(8, 'Undefined varia...', '/Users/edinmesa...', 58, Array)
#1 /Users/edinmesanovic/Desktop/interview-assignment/app/Http/Controllers/UserController.php(39): App\\Http\\Controllers\\UserController->generateCsvFile(Object(Illuminate\\Support\\Collection), Array)
#2 /Users/edinmesanovic/Desktop/interview-assignment/vendor/illuminate/container/BoundMethod.php(36): App\\Http\\Controllers\\UserController->export()
#3 /Users/edinmesanovic/Desktop/interview-assignment/vendor/illuminate/container/Util.php(40): Illuminate\\Container\\BoundMethod::Illuminate\\Container\\{closure}()
#4 /Users/edinmesanovic/Desktop/interview-assignment/vendor/illuminate/container/BoundMethod.php(93): Illuminate\\Container\\Util::unwrapIfClosure(Object(Closure))
#5 /Users/edinmesanovic/Desktop/interview-assignment/vendor/illuminate/container/BoundMethod.php(37): Illuminate\\Container\\BoundMethod::callBoundMethod(Object(Laravel\\Lumen\\Application), Array, Object(Closure))
#6 /Users/edinmesanovic/Desktop/interview-assignment/vendor/illuminate/container/Container.php(651): Illuminate\\Container\\BoundMethod::call(Object(Laravel\\Lumen\\Application), Array, Array, NULL)
#7 /Users/edinmesanovic/Desktop/interview-assignment/vendor/laravel/lumen-framework/src/Concerns/RoutesRequests.php(386): Illuminate\\Container\\Container->call(Array, Array)
#8 /Users/edinmesanovic/Desktop/interview-assignment/vendor/laravel/lumen-framework/src/Concerns/RoutesRequests.php(352): Laravel\\Lumen\\Application->callControllerCallable(Array, Array)
#9 /Users/edinmesanovic/Desktop/interview-assignment/vendor/laravel/lumen-framework/src/Concerns/RoutesRequests.php(326): Laravel\\Lumen\\Application->callLumenController(Object(App\\Http\\Controllers\\UserController), 'export', Array)
#10 /Users/edinmesanovic/Desktop/interview-assignment/vendor/laravel/lumen-framework/src/Concerns/RoutesRequests.php(279): Laravel\\Lumen\\Application->callControllerAction(Array)
#11 /Users/edinmesanovic/Desktop/interview-assignment/vendor/laravel/lumen-framework/src/Concerns/RoutesRequests.php(264): Laravel\\Lumen\\Application->callActionOnArrayBasedRoute(Array)
#12 /Users/edinmesanovic/Desktop/interview-assignment/vendor/laravel/lumen-framework/src/Concerns/RoutesRequests.php(166): Laravel\\Lumen\\Application->handleFoundRoute(Array)
#13 /Users/edinmesanovic/Desktop/interview-assignment/vendor/laravel/lumen-framework/src/Concerns/RoutesRequests.php(426): Laravel\\Lumen\\Application->Laravel\\Lumen\\Concerns\\{closure}(Object(Laravel\\Lumen\\Http\\Request))
#14 /Users/edinmesanovic/Desktop/interview-assignment/vendor/laravel/lumen-framework/src/Concerns/RoutesRequests.php(172): Laravel\\Lumen\\Application->sendThroughPipeline(Array, Object(Closure))
#15 /Users/edinmesanovic/Desktop/interview-assignment/vendor/laravel/lumen-framework/src/Concerns/RoutesRequests.php(109): Laravel\\Lumen\\Application->dispatch(NULL)
#16 /Users/edinmesanovic/Desktop/interview-assignment/public/index.php(28): Laravel\\Lumen\\Application->run()
#17 {main}
"} 
[2021-07-03 00:12:10] local.ERROR: Undefined variable: tempFile {"exception":"[object] (ErrorException(code: 0): Undefined variable: tempFile at /Users/edinmesanovic/Desktop/interview-assignment/app/Http/Controllers/UserController.php:58)
[stacktrace]
#0 /Users/edinmesanovic/Desktop/interview-assignment/app/Http/Controllers/UserController.php(58): Laravel\\Lumen\\Application->Laravel\\Lumen\\Concerns\\{closure}(8, 'Undefined varia...', '/Users/edinmesa...', 58, Array)
#1 /Users/edinmesanovic/Desktop/interview-assignment/app/Http/Controllers/UserController.php(39): App\\Http\\Controllers\\UserController->generateCsvFile(Object(Illuminate\\Support\\Collection), Array)
#2 /Users/edinmesanovic/Desktop/interview-assignment/vendor/illuminate/container/BoundMethod.php(36): App\\Http\\Controllers\\UserController->export()
#3 /Users/edinmesanovic/Desktop/interview-assignment/vendor/illuminate/container/Util.php(40): Illuminate\\Container\\BoundMethod::Illuminate\\Container\\{closure}()
#4 /Users/edinmesanovic/Desktop/interview-assignment/vendor/illuminate/container/BoundMethod.php(93): Illuminate\\Container\\Util::unwrapIfClosure(Object(Closure))
#5 /Users/edinmesanovic/Desktop/interview-assignment/vendor/illuminate/container/BoundMethod.php(37): Illuminate\\Container\\BoundMethod::callBoundMethod(Object(Laravel\\Lumen\\Application), Array, Object(Closure))
#6 /Users/edinmesanovic/Desktop/interview-assignment/vendor/illuminate/container/Container.php(651): Illuminate\\Container\\BoundMethod::call(Object(Laravel\\Lumen\\Application), Array, Array, NULL)
#7 /Users/edinmesanovic/Desktop/interview-assignment/vendor/laravel/lumen-framework/src/Concerns/RoutesRequests.php(386): Illuminate\\Container\\Container->call(Array, Array)
#8 /Users/edinmesanovic/Desktop/interview-assignment/vendor/laravel/lumen-framework/src/Concerns/RoutesRequests.php(352): Laravel\\Lumen\\Application->callControllerCallable(Array, Array)
#9 /Users/edinmesanovic/Desktop/interview-assignment/vendor/laravel/lumen-framework/src/Concerns/RoutesRequests.php(326): Laravel\\Lumen\\Application->callLumenController(Object(App\\Http\\Controllers\\UserController), 'export', Array)
#10 /Users/edinmesanovic/Desktop/interview-assignment/vendor/laravel/lumen-framework/src/Concerns/RoutesRequests.php(279): Laravel\\Lumen\\Application->callControllerAction(Array)
#11 /Users/edinmesanovic/Desktop/interview-assignment/vendor/laravel/lumen-framework/src/Concerns/RoutesRequests.php(264): Laravel\\Lumen\\Application->callActionOnArrayBasedRoute(Array)
#12 /Users/edinmesanovic/Desktop/interview-assignment/vendor/laravel/lumen-framework/src/Concerns/RoutesRequests.php(166): Laravel\\Lumen\\Application->handleFoundRoute(Array)
#13 /Users/edinmesanovic/Desktop/interview-assignment/vendor/laravel/lumen-framework/src/Concerns/RoutesRequests.php(426): Laravel\\Lumen\\Application->Laravel\\Lumen\\Concerns\\{closure}(Object(Laravel\\Lumen\\Http\\Request))
#14 /Users/edinmesanovic/Desktop/interview-assignment/vendor/laravel/lumen-framework/src/Concerns/RoutesRequests.php(172): Laravel\\Lumen\\Application->sendThroughPipeline(Array, Object(Closure))
#15 /Users/edinmesanovic/Desktop/interview-assignment/vendor/laravel/lumen-framework/src/Concerns/RoutesRequests.php(109): Laravel\\Lumen\\Application->dispatch(NULL)
#16 /Users/edinmesanovic/Desktop/interview-assignment/public/index.php(28): Laravel\\Lumen\\Application->run()
#17 {main}
"} 
[2021-07-03 00:12:33] local.ERROR: The file "Resource id #5" does not exist {"exception":"[object] (Symfony\\Component\\HttpFoundation\\File\\Exception\\FileNotFoundException(code: 0): The file \"Resource id #5\" does not exist at /Users/edinmesanovic/Desktop/interview-assignment/vendor/symfony/http-foundation/File/File.php:36)
[stacktrace]
#0 /Users/edinmesanovic/Desktop/interview-assignment/vendor/symfony/http-foundation/BinaryFileResponse.php(93): Symfony\\Component\\HttpFoundation\\File\\File->__construct('Resource id #5')
#1 /Users/edinmesanovic/Desktop/interview-assignment/vendor/symfony/http-foundation/BinaryFileResponse.php(51): Symfony\\Component\\HttpFoundation\\BinaryFileResponse->setFile(Resource id #5, 'attachment', false, true)
#2 /Users/edinmesanovic/Desktop/interview-assignment/vendor/laravel/lumen-framework/src/Http/ResponseFactory.php(67): Symfony\\Component\\HttpFoundation\\BinaryFileResponse->__construct(Resource id #5, 200, Array, true, 'attachment')
#3 /Users/edinmesanovic/Desktop/interview-assignment/app/Http/Controllers/UserController.php(40): Laravel\\Lumen\\Http\\ResponseFactory->download(Resource id #5, 'users.csv', Array)
#4 /Users/edinmesanovic/Desktop/interview-assignment/vendor/illuminate/container/BoundMethod.php(36): App\\Http\\Controllers\\UserController->export()
#5 /Users/edinmesanovic/Desktop/interview-assignment/vendor/illuminate/container/Util.php(40): Illuminate\\Container\\BoundMethod::Illuminate\\Container\\{closure}()
#6 /Users/edinmesanovic/Desktop/interview-assignment/vendor/illuminate/container/BoundMethod.php(93): Illuminate\\Container\\Util::unwrapIfClosure(Object(Closure))
#7 /Users/edinmesanovic/Desktop/interview-assignment/vendor/illuminate/container/BoundMethod.php(37): Illuminate\\Container\\BoundMethod::callBoundMethod(Object(Laravel\\Lumen\\Application), Array, Object(Closure))
#8 /Users/edinmesanovic/Desktop/interview-assignment/vendor/illuminate/container/Container.php(651): Illuminate\\Container\\BoundMethod::call(Object(Laravel\\Lumen\\Application), Array, Array, NULL)
#9 /Users/edinmesanovic/Desktop/interview-assignment/vendor/laravel/lumen-framework/src/Concerns/RoutesRequests.php(386): Illuminate\\Container\\Container->call(Array, Array)
#10 /Users/edinmesanovic/Desktop/interview-assignment/vendor/laravel/lumen-framework/src/Concerns/RoutesRequests.php(352): Laravel\\Lumen\\Application->callControllerCallable(Array, Array)
#11 /Users/edinmesanovic/Desktop/interview-assignment/vendor/laravel/lumen-framework/src/Concerns/RoutesRequests.php(326): Laravel\\Lumen\\Application->callLumenController(Object(App\\Http\\Controllers\\UserController), 'export', Array)
#12 /Users/edinmesanovic/Desktop/interview-assignment/vendor/laravel/lumen-framework/src/Concerns/RoutesRequests.php(279): Laravel\\Lumen\\Application->callControllerAction(Array)
#13 /Users/edinmesanovic/Desktop/interview-assignment/vendor/laravel/lumen-framework/src/Concerns/RoutesRequests.php(264): Laravel\\Lumen\\Application->callActionOnArrayBasedRoute(Array)
#14 /Users/edinmesanovic/Desktop/interview-assignment/vendor/laravel/lumen-framework/src/Concerns/RoutesRequests.php(166): Laravel\\Lumen\\Application->handleFoundRoute(Array)
#15 /Users/edinmesanovic/Desktop/interview-assignment/vendor/laravel/lumen-framework/src/Concerns/RoutesRequests.php(426): Laravel\\Lumen\\Application->Laravel\\Lumen\\Concerns\\{closure}(Object(Laravel\\Lumen\\Http\\Request))
#16 /Users/edinmesanovic/Desktop/interview-assignment/vendor/laravel/lumen-framework/src/Concerns/RoutesRequests.php(172): Laravel\\Lumen\\Application->sendThroughPipeline(Array, Object(Closure))
#17 /Users/edinmesanovic/Desktop/interview-assignment/vendor/laravel/lumen-framework/src/Concerns/RoutesRequests.php(109): Laravel\\Lumen\\Application->dispatch(NULL)
#18 /Users/edinmesanovic/Desktop/interview-assignment/public/index.php(28): Laravel\\Lumen\\Application->run()
#19 {main}
"} 
[2021-07-03 00:12:34] local.ERROR: The file "Resource id #4" does not exist {"exception":"[object] (Symfony\\Component\\HttpFoundation\\File\\Exception\\FileNotFoundException(code: 0): The file \"Resource id #4\" does not exist at /Users/edinmesanovic/Desktop/interview-assignment/vendor/symfony/http-foundation/File/File.php:36)
[stacktrace]
#0 /Users/edinmesanovic/Desktop/interview-assignment/vendor/symfony/http-foundation/BinaryFileResponse.php(93): Symfony\\Component\\HttpFoundation\\File\\File->__construct('Resource id #4')
#1 /Users/edinmesanovic/Desktop/interview-assignment/vendor/symfony/http-foundation/BinaryFileResponse.php(51): Symfony\\Component\\HttpFoundation\\BinaryFileResponse->setFile(Resource id #4, 'attachment', false, true)
#2 /Users/edinmesanovic/Desktop/interview-assignment/vendor/laravel/lumen-framework/src/Http/ResponseFactory.php(67): Symfony\\Component\\HttpFoundation\\BinaryFileResponse->__construct(Resource id #4, 200, Array, true, 'attachment')
#3 /Users/edinmesanovic/Desktop/interview-assignment/app/Http/Controllers/UserController.php(40): Laravel\\Lumen\\Http\\ResponseFactory->download(Resource id #4, 'users.csv', Array)
#4 /Users/edinmesanovic/Desktop/interview-assignment/vendor/illuminate/container/BoundMethod.php(36): App\\Http\\Controllers\\UserController->export()
#5 /Users/edinmesanovic/Desktop/interview-assignment/vendor/illuminate/container/Util.php(40): Illuminate\\Container\\BoundMethod::Illuminate\\Container\\{closure}()
#6 /Users/edinmesanovic/Desktop/interview-assignment/vendor/illuminate/container/BoundMethod.php(93): Illuminate\\Container\\Util::unwrapIfClosure(Object(Closure))
#7 /Users/edinmesanovic/Desktop/interview-assignment/vendor/illuminate/container/BoundMethod.php(37): Illuminate\\Container\\BoundMethod::callBoundMethod(Object(Laravel\\Lumen\\Application), Array, Object(Closure))
#8 /Users/edinmesanovic/Desktop/interview-assignment/vendor/illuminate/container/Container.php(651): Illuminate\\Container\\BoundMethod::call(Object(Laravel\\Lumen\\Application), Array, Array, NULL)
#9 /Users/edinmesanovic/Desktop/interview-assignment/vendor/laravel/lumen-framework/src/Concerns/RoutesRequests.php(386): Illuminate\\Container\\Container->call(Array, Array)
#10 /Users/edinmesanovic/Desktop/interview-assignment/vendor/laravel/lumen-framework/src/Concerns/RoutesRequests.php(352): Laravel\\Lumen\\Application->callControllerCallable(Array, Array)
#11 /Users/edinmesanovic/Desktop/interview-assignment/vendor/laravel/lumen-framework/src/Concerns/RoutesRequests.php(326): Laravel\\Lumen\\Application->callLumenController(Object(App\\Http\\Controllers\\UserController), 'export', Array)
#12 /Users/edinmesanovic/Desktop/interview-assignment/vendor/laravel/lumen-framework/src/Concerns/RoutesRequests.php(279): Laravel\\Lumen\\Application->callControllerAction(Array)
#13 /Users/edinmesanovic/Desktop/interview-assignment/vendor/laravel/lumen-framework/src/Concerns/RoutesRequests.php(264): Laravel\\Lumen\\Application->callActionOnArrayBasedRoute(Array)
#14 /Users/edinmesanovic/Desktop/interview-assignment/vendor/laravel/lumen-framework/src/Concerns/RoutesRequests.php(166): Laravel\\Lumen\\Application->handleFoundRoute(Array)
#15 /Users/edinmesanovic/Desktop/interview-assignment/vendor/laravel/lumen-framework/src/Concerns/RoutesRequests.php(426): Laravel\\Lumen\\Application->Laravel\\Lumen\\Concerns\\{closure}(Object(Laravel\\Lumen\\Http\\Request))
#16 /Users/edinmesanovic/Desktop/interview-assignment/vendor/laravel/lumen-framework/src/Concerns/RoutesRequests.php(172): Laravel\\Lumen\\Application->sendThroughPipeline(Array, Object(Closure))
#17 /Users/edinmesanovic/Desktop/interview-assignment/vendor/laravel/lumen-framework/src/Concerns/RoutesRequests.php(109): Laravel\\Lumen\\Application->dispatch(NULL)
#18 /Users/edinmesanovic/Desktop/interview-assignment/public/index.php(28): Laravel\\Lumen\\Application->run()
#19 {main}
"} 
[2021-07-03 00:12:41] local.ERROR: The file "" does not exist {"exception":"[object] (Symfony\\Component\\HttpFoundation\\File\\Exception\\FileNotFoundException(code: 0): The file \"\" does not exist at /Users/edinmesanovic/Desktop/interview-assignment/vendor/symfony/http-foundation/File/File.php:36)
[stacktrace]
#0 /Users/edinmesanovic/Desktop/interview-assignment/vendor/symfony/http-foundation/BinaryFileResponse.php(93): Symfony\\Component\\HttpFoundation\\File\\File->__construct('')
#1 /Users/edinmesanovic/Desktop/interview-assignment/vendor/symfony/http-foundation/BinaryFileResponse.php(51): Symfony\\Component\\HttpFoundation\\BinaryFileResponse->setFile(NULL, 'attachment', false, true)
#2 /Users/edinmesanovic/Desktop/interview-assignment/vendor/laravel/lumen-framework/src/Http/ResponseFactory.php(67): Symfony\\Component\\HttpFoundation\\BinaryFileResponse->__construct(NULL, 200, Array, true, 'attachment')
#3 /Users/edinmesanovic/Desktop/interview-assignment/app/Http/Controllers/UserController.php(40): Laravel\\Lumen\\Http\\ResponseFactory->download(NULL, 'users.csv', Array)
#4 /Users/edinmesanovic/Desktop/interview-assignment/vendor/illuminate/container/BoundMethod.php(36): App\\Http\\Controllers\\UserController->export()
#5 /Users/edinmesanovic/Desktop/interview-assignment/vendor/illuminate/container/Util.php(40): Illuminate\\Container\\BoundMethod::Illuminate\\Container\\{closure}()
#6 /Users/edinmesanovic/Desktop/interview-assignment/vendor/illuminate/container/BoundMethod.php(93): Illuminate\\Container\\Util::unwrapIfClosure(Object(Closure))
#7 /Users/edinmesanovic/Desktop/interview-assignment/vendor/illuminate/container/BoundMethod.php(37): Illuminate\\Container\\BoundMethod::callBoundMethod(Object(Laravel\\Lumen\\Application), Array, Object(Closure))
#8 /Users/edinmesanovic/Desktop/interview-assignment/vendor/illuminate/container/Container.php(651): Illuminate\\Container\\BoundMethod::call(Object(Laravel\\Lumen\\Application), Array, Array, NULL)
#9 /Users/edinmesanovic/Desktop/interview-assignment/vendor/laravel/lumen-framework/src/Concerns/RoutesRequests.php(386): Illuminate\\Container\\Container->call(Array, Array)
#10 /Users/edinmesanovic/Desktop/interview-assignment/vendor/laravel/lumen-framework/src/Concerns/RoutesRequests.php(352): Laravel\\Lumen\\Application->callControllerCallable(Array, Array)
#11 /Users/edinmesanovic/Desktop/interview-assignment/vendor/laravel/lumen-framework/src/Concerns/RoutesRequests.php(326): Laravel\\Lumen\\Application->callLumenController(Object(App\\Http\\Controllers\\UserController), 'export', Array)
#12 /Users/edinmesanovic/Desktop/interview-assignment/vendor/laravel/lumen-framework/src/Concerns/RoutesRequests.php(279): Laravel\\Lumen\\Application->callControllerAction(Array)
#13 /Users/edinmesanovic/Desktop/interview-assignment/vendor/laravel/lumen-framework/src/Concerns/RoutesRequests.php(264): Laravel\\Lumen\\Application->callActionOnArrayBasedRoute(Array)
#14 /Users/edinmesanovic/Desktop/interview-assignment/vendor/laravel/lumen-framework/src/Concerns/RoutesRequests.php(166): Laravel\\Lumen\\Application->handleFoundRoute(Array)
#15 /Users/edinmesanovic/Desktop/interview-assignment/vendor/laravel/lumen-framework/src/Concerns/RoutesRequests.php(426): Laravel\\Lumen\\Application->Laravel\\Lumen\\Concerns\\{closure}(Object(Laravel\\Lumen\\Http\\Request))
#16 /Users/edinmesanovic/Desktop/interview-assignment/vendor/laravel/lumen-framework/src/Concerns/RoutesRequests.php(172): Laravel\\Lumen\\Application->sendThroughPipeline(Array, Object(Closure))
#17 /Users/edinmesanovic/Desktop/interview-assignment/vendor/laravel/lumen-framework/src/Concerns/RoutesRequests.php(109): Laravel\\Lumen\\Application->dispatch(NULL)
#18 /Users/edinmesanovic/Desktop/interview-assignment/public/index.php(28): Laravel\\Lumen\\Application->run()
#19 {main}
"} 
[2021-07-03 00:12:50] local.ERROR: The file "" does not exist {"exception":"[object] (Symfony\\Component\\HttpFoundation\\File\\Exception\\FileNotFoundException(code: 0): The file \"\" does not exist at /Users/edinmesanovic/Desktop/interview-assignment/vendor/symfony/http-foundation/File/File.php:36)
[stacktrace]
#0 /Users/edinmesanovic/Desktop/interview-assignment/vendor/symfony/http-foundation/BinaryFileResponse.php(93): Symfony\\Component\\HttpFoundation\\File\\File->__construct('')
#1 /Users/edinmesanovic/Desktop/interview-assignment/vendor/symfony/http-foundation/BinaryFileResponse.php(51): Symfony\\Component\\HttpFoundation\\BinaryFileResponse->setFile(NULL, 'attachment', false, true)
#2 /Users/edinmesanovic/Desktop/interview-assignment/vendor/laravel/lumen-framework/src/Http/ResponseFactory.php(67): Symfony\\Component\\HttpFoundation\\BinaryFileResponse->__construct(NULL, 200, Array, true, 'attachment')
#3 /Users/edinmesanovic/Desktop/interview-assignment/app/Http/Controllers/UserController.php(40): Laravel\\Lumen\\Http\\ResponseFactory->download(NULL, 'users.csv', Array)
#4 /Users/edinmesanovic/Desktop/interview-assignment/vendor/illuminate/container/BoundMethod.php(36): App\\Http\\Controllers\\UserController->export()
#5 /Users/edinmesanovic/Desktop/interview-assignment/vendor/illuminate/container/Util.php(40): Illuminate\\Container\\BoundMethod::Illuminate\\Container\\{closure}()
#6 /Users/edinmesanovic/Desktop/interview-assignment/vendor/illuminate/container/BoundMethod.php(93): Illuminate\\Container\\Util::unwrapIfClosure(Object(Closure))
#7 /Users/edinmesanovic/Desktop/interview-assignment/vendor/illuminate/container/BoundMethod.php(37): Illuminate\\Container\\BoundMethod::callBoundMethod(Object(Laravel\\Lumen\\Application), Array, Object(Closure))
#8 /Users/edinmesanovic/Desktop/interview-assignment/vendor/illuminate/container/Container.php(651): Illuminate\\Container\\BoundMethod::call(Object(Laravel\\Lumen\\Application), Array, Array, NULL)
#9 /Users/edinmesanovic/Desktop/interview-assignment/vendor/laravel/lumen-framework/src/Concerns/RoutesRequests.php(386): Illuminate\\Container\\Container->call(Array, Array)
#10 /Users/edinmesanovic/Desktop/interview-assignment/vendor/laravel/lumen-framework/src/Concerns/RoutesRequests.php(352): Laravel\\Lumen\\Application->callControllerCallable(Array, Array)
#11 /Users/edinmesanovic/Desktop/interview-assignment/vendor/laravel/lumen-framework/src/Concerns/RoutesRequests.php(326): Laravel\\Lumen\\Application->callLumenController(Object(App\\Http\\Controllers\\UserController), 'export', Array)
#12 /Users/edinmesanovic/Desktop/interview-assignment/vendor/laravel/lumen-framework/src/Concerns/RoutesRequests.php(279): Laravel\\Lumen\\Application->callControllerAction(Array)
#13 /Users/edinmesanovic/Desktop/interview-assignment/vendor/laravel/lumen-framework/src/Concerns/RoutesRequests.php(264): Laravel\\Lumen\\Application->callActionOnArrayBasedRoute(Array)
#14 /Users/edinmesanovic/Desktop/interview-assignment/vendor/laravel/lumen-framework/src/Concerns/RoutesRequests.php(166): Laravel\\Lumen\\Application->handleFoundRoute(Array)
#15 /Users/edinmesanovic/Desktop/interview-assignment/vendor/laravel/lumen-framework/src/Concerns/RoutesRequests.php(426): Laravel\\Lumen\\Application->Laravel\\Lumen\\Concerns\\{closure}(Object(Laravel\\Lumen\\Http\\Request))
#16 /Users/edinmesanovic/Desktop/interview-assignment/vendor/laravel/lumen-framework/src/Concerns/RoutesRequests.php(172): Laravel\\Lumen\\Application->sendThroughPipeline(Array, Object(Closure))
#17 /Users/edinmesanovic/Desktop/interview-assignment/vendor/laravel/lumen-framework/src/Concerns/RoutesRequests.php(109): Laravel\\Lumen\\Application->dispatch(NULL)
#18 /Users/edinmesanovic/Desktop/interview-assignment/public/index.php(28): Laravel\\Lumen\\Application->run()
#19 {main}
"} 
[2021-07-03 00:14:54] local.ERROR: The file "" does not exist {"exception":"[object] (Symfony\\Component\\HttpFoundation\\File\\Exception\\FileNotFoundException(code: 0): The file \"\" does not exist at /Users/edinmesanovic/Desktop/interview-assignment/vendor/symfony/http-foundation/File/File.php:36)
[stacktrace]
#0 /Users/edinmesanovic/Desktop/interview-assignment/vendor/symfony/http-foundation/BinaryFileResponse.php(93): Symfony\\Component\\HttpFoundation\\File\\File->__construct('')
#1 /Users/edinmesanovic/Desktop/interview-assignment/vendor/symfony/http-foundation/BinaryFileResponse.php(51): Symfony\\Component\\HttpFoundation\\BinaryFileResponse->setFile(NULL, 'attachment', false, true)
#2 /Users/edinmesanovic/Desktop/interview-assignment/vendor/laravel/lumen-framework/src/Http/ResponseFactory.php(67): Symfony\\Component\\HttpFoundation\\BinaryFileResponse->__construct(NULL, 200, Array, true, 'attachment')
#3 /Users/edinmesanovic/Desktop/interview-assignment/app/Http/Controllers/UserController.php(40): Laravel\\Lumen\\Http\\ResponseFactory->download(NULL, 'users.csv', Array)
#4 /Users/edinmesanovic/Desktop/interview-assignment/vendor/illuminate/container/BoundMethod.php(36): App\\Http\\Controllers\\UserController->export()
#5 /Users/edinmesanovic/Desktop/interview-assignment/vendor/illuminate/container/Util.php(40): Illuminate\\Container\\BoundMethod::Illuminate\\Container\\{closure}()
#6 /Users/edinmesanovic/Desktop/interview-assignment/vendor/illuminate/container/BoundMethod.php(93): Illuminate\\Container\\Util::unwrapIfClosure(Object(Closure))
#7 /Users/edinmesanovic/Desktop/interview-assignment/vendor/illuminate/container/BoundMethod.php(37): Illuminate\\Container\\BoundMethod::callBoundMethod(Object(Laravel\\Lumen\\Application), Array, Object(Closure))
#8 /Users/edinmesanovic/Desktop/interview-assignment/vendor/illuminate/container/Container.php(651): Illuminate\\Container\\BoundMethod::call(Object(Laravel\\Lumen\\Application), Array, Array, NULL)
#9 /Users/edinmesanovic/Desktop/interview-assignment/vendor/laravel/lumen-framework/src/Concerns/RoutesRequests.php(386): Illuminate\\Container\\Container->call(Array, Array)
#10 /Users/edinmesanovic/Desktop/interview-assignment/vendor/laravel/lumen-framework/src/Concerns/RoutesRequests.php(352): Laravel\\Lumen\\Application->callControllerCallable(Array, Array)
#11 /Users/edinmesanovic/Desktop/interview-assignment/vendor/laravel/lumen-framework/src/Concerns/RoutesRequests.php(326): Laravel\\Lumen\\Application->callLumenController(Object(App\\Http\\Controllers\\UserController), 'export', Array)
#12 /Users/edinmesanovic/Desktop/interview-assignment/vendor/laravel/lumen-framework/src/Concerns/RoutesRequests.php(279): Laravel\\Lumen\\Application->callControllerAction(Array)
#13 /Users/edinmesanovic/Desktop/interview-assignment/vendor/laravel/lumen-framework/src/Concerns/RoutesRequests.php(264): Laravel\\Lumen\\Application->callActionOnArrayBasedRoute(Array)
#14 /Users/edinmesanovic/Desktop/interview-assignment/vendor/laravel/lumen-framework/src/Concerns/RoutesRequests.php(166): Laravel\\Lumen\\Application->handleFoundRoute(Array)
#15 /Users/edinmesanovic/Desktop/interview-assignment/vendor/laravel/lumen-framework/src/Concerns/RoutesRequests.php(426): Laravel\\Lumen\\Application->Laravel\\Lumen\\Concerns\\{closure}(Object(Laravel\\Lumen\\Http\\Request))
#16 /Users/edinmesanovic/Desktop/interview-assignment/vendor/laravel/lumen-framework/src/Concerns/RoutesRequests.php(172): Laravel\\Lumen\\Application->sendThroughPipeline(Array, Object(Closure))
#17 /Users/edinmesanovic/Desktop/interview-assignment/vendor/laravel/lumen-framework/src/Concerns/RoutesRequests.php(109): Laravel\\Lumen\\Application->dispatch(NULL)
#18 /Users/edinmesanovic/Desktop/interview-assignment/public/index.php(28): Laravel\\Lumen\\Application->run()
#19 {main}
"} 
[2021-07-03 00:15:05] local.ERROR: The file "" does not exist {"exception":"[object] (Symfony\\Component\\HttpFoundation\\File\\Exception\\FileNotFoundException(code: 0): The file \"\" does not exist at /Users/edinmesanovic/Desktop/interview-assignment/vendor/symfony/http-foundation/File/File.php:36)
[stacktrace]
#0 /Users/edinmesanovic/Desktop/interview-assignment/vendor/symfony/http-foundation/BinaryFileResponse.php(93): Symfony\\Component\\HttpFoundation\\File\\File->__construct('')
#1 /Users/edinmesanovic/Desktop/interview-assignment/vendor/symfony/http-foundation/BinaryFileResponse.php(51): Symfony\\Component\\HttpFoundation\\BinaryFileResponse->setFile(NULL, 'attachment', false, true)
#2 /Users/edinmesanovic/Desktop/interview-assignment/vendor/laravel/lumen-framework/src/Http/ResponseFactory.php(67): Symfony\\Component\\HttpFoundation\\BinaryFileResponse->__construct(NULL, 200, Array, true, 'attachment')
#3 /Users/edinmesanovic/Desktop/interview-assignment/app/Http/Controllers/UserController.php(40): Laravel\\Lumen\\Http\\ResponseFactory->download(NULL, 'users.csv', Array)
#4 /Users/edinmesanovic/Desktop/interview-assignment/vendor/illuminate/container/BoundMethod.php(36): App\\Http\\Controllers\\UserController->export()
#5 /Users/edinmesanovic/Desktop/interview-assignment/vendor/illuminate/container/Util.php(40): Illuminate\\Container\\BoundMethod::Illuminate\\Container\\{closure}()
#6 /Users/edinmesanovic/Desktop/interview-assignment/vendor/illuminate/container/BoundMethod.php(93): Illuminate\\Container\\Util::unwrapIfClosure(Object(Closure))
#7 /Users/edinmesanovic/Desktop/interview-assignment/vendor/illuminate/container/BoundMethod.php(37): Illuminate\\Container\\BoundMethod::callBoundMethod(Object(Laravel\\Lumen\\Application), Array, Object(Closure))
#8 /Users/edinmesanovic/Desktop/interview-assignment/vendor/illuminate/container/Container.php(651): Illuminate\\Container\\BoundMethod::call(Object(Laravel\\Lumen\\Application), Array, Array, NULL)
#9 /Users/edinmesanovic/Desktop/interview-assignment/vendor/laravel/lumen-framework/src/Concerns/RoutesRequests.php(386): Illuminate\\Container\\Container->call(Array, Array)
#10 /Users/edinmesanovic/Desktop/interview-assignment/vendor/laravel/lumen-framework/src/Concerns/RoutesRequests.php(352): Laravel\\Lumen\\Application->callControllerCallable(Array, Array)
#11 /Users/edinmesanovic/Desktop/interview-assignment/vendor/laravel/lumen-framework/src/Concerns/RoutesRequests.php(326): Laravel\\Lumen\\Application->callLumenController(Object(App\\Http\\Controllers\\UserController), 'export', Array)
#12 /Users/edinmesanovic/Desktop/interview-assignment/vendor/laravel/lumen-framework/src/Concerns/RoutesRequests.php(279): Laravel\\Lumen\\Application->callControllerAction(Array)
#13 /Users/edinmesanovic/Desktop/interview-assignment/vendor/laravel/lumen-framework/src/Concerns/RoutesRequests.php(264): Laravel\\Lumen\\Application->callActionOnArrayBasedRoute(Array)
#14 /Users/edinmesanovic/Desktop/interview-assignment/vendor/laravel/lumen-framework/src/Concerns/RoutesRequests.php(166): Laravel\\Lumen\\Application->handleFoundRoute(Array)
#15 /Users/edinmesanovic/Desktop/interview-assignment/vendor/laravel/lumen-framework/src/Concerns/RoutesRequests.php(426): Laravel\\Lumen\\Application->Laravel\\Lumen\\Concerns\\{closure}(Object(Laravel\\Lumen\\Http\\Request))
#16 /Users/edinmesanovic/Desktop/interview-assignment/vendor/laravel/lumen-framework/src/Concerns/RoutesRequests.php(172): Laravel\\Lumen\\Application->sendThroughPipeline(Array, Object(Closure))
#17 /Users/edinmesanovic/Desktop/interview-assignment/vendor/laravel/lumen-framework/src/Concerns/RoutesRequests.php(109): Laravel\\Lumen\\Application->dispatch(NULL)
#18 /Users/edinmesanovic/Desktop/interview-assignment/public/index.php(28): Laravel\\Lumen\\Application->run()
#19 {main}
"} 
[2021-07-03 00:16:09] local.ERROR: The file "" does not exist {"exception":"[object] (Symfony\\Component\\HttpFoundation\\File\\Exception\\FileNotFoundException(code: 0): The file \"\" does not exist at /Users/edinmesanovic/Desktop/interview-assignment/vendor/symfony/http-foundation/File/File.php:36)
[stacktrace]
#0 /Users/edinmesanovic/Desktop/interview-assignment/vendor/symfony/http-foundation/BinaryFileResponse.php(93): Symfony\\Component\\HttpFoundation\\File\\File->__construct('')
#1 /Users/edinmesanovic/Desktop/interview-assignment/vendor/symfony/http-foundation/BinaryFileResponse.php(51): Symfony\\Component\\HttpFoundation\\BinaryFileResponse->setFile(NULL, 'attachment', false, true)
#2 /Users/edinmesanovic/Desktop/interview-assignment/vendor/laravel/lumen-framework/src/Http/ResponseFactory.php(67): Symfony\\Component\\HttpFoundation\\BinaryFileResponse->__construct(NULL, 200, Array, true, 'attachment')
#3 /Users/edinmesanovic/Desktop/interview-assignment/app/Http/Controllers/UserController.php(40): Laravel\\Lumen\\Http\\ResponseFactory->download(NULL, 'users.csv', Array)
#4 /Users/edinmesanovic/Desktop/interview-assignment/vendor/illuminate/container/BoundMethod.php(36): App\\Http\\Controllers\\UserController->export()
#5 /Users/edinmesanovic/Desktop/interview-assignment/vendor/illuminate/container/Util.php(40): Illuminate\\Container\\BoundMethod::Illuminate\\Container\\{closure}()
#6 /Users/edinmesanovic/Desktop/interview-assignment/vendor/illuminate/container/BoundMethod.php(93): Illuminate\\Container\\Util::unwrapIfClosure(Object(Closure))
#7 /Users/edinmesanovic/Desktop/interview-assignment/vendor/illuminate/container/BoundMethod.php(37): Illuminate\\Container\\BoundMethod::callBoundMethod(Object(Laravel\\Lumen\\Application), Array, Object(Closure))
#8 /Users/edinmesanovic/Desktop/interview-assignment/vendor/illuminate/container/Container.php(651): Illuminate\\Container\\BoundMethod::call(Object(Laravel\\Lumen\\Application), Array, Array, NULL)
#9 /Users/edinmesanovic/Desktop/interview-assignment/vendor/laravel/lumen-framework/src/Concerns/RoutesRequests.php(386): Illuminate\\Container\\Container->call(Array, Array)
#10 /Users/edinmesanovic/Desktop/interview-assignment/vendor/laravel/lumen-framework/src/Concerns/RoutesRequests.php(352): Laravel\\Lumen\\Application->callControllerCallable(Array, Array)
#11 /Users/edinmesanovic/Desktop/interview-assignment/vendor/laravel/lumen-framework/src/Concerns/RoutesRequests.php(326): Laravel\\Lumen\\Application->callLumenController(Object(App\\Http\\Controllers\\UserController), 'export', Array)
#12 /Users/edinmesanovic/Desktop/interview-assignment/vendor/laravel/lumen-framework/src/Concerns/RoutesRequests.php(279): Laravel\\Lumen\\Application->callControllerAction(Array)
#13 /Users/edinmesanovic/Desktop/interview-assignment/vendor/laravel/lumen-framework/src/Concerns/RoutesRequests.php(264): Laravel\\Lumen\\Application->callActionOnArrayBasedRoute(Array)
#14 /Users/edinmesanovic/Desktop/interview-assignment/vendor/laravel/lumen-framework/src/Concerns/RoutesRequests.php(166): Laravel\\Lumen\\Application->handleFoundRoute(Array)
#15 /Users/edinmesanovic/Desktop/interview-assignment/vendor/laravel/lumen-framework/src/Concerns/RoutesRequests.php(426): Laravel\\Lumen\\Application->Laravel\\Lumen\\Concerns\\{closure}(Object(Laravel\\Lumen\\Http\\Request))
#16 /Users/edinmesanovic/Desktop/interview-assignment/vendor/laravel/lumen-framework/src/Concerns/RoutesRequests.php(172): Laravel\\Lumen\\Application->sendThroughPipeline(Array, Object(Closure))
#17 /Users/edinmesanovic/Desktop/interview-assignment/vendor/laravel/lumen-framework/src/Concerns/RoutesRequests.php(109): Laravel\\Lumen\\Application->dispatch(NULL)
#18 /Users/edinmesanovic/Desktop/interview-assignment/public/index.php(28): Laravel\\Lumen\\Application->run()
#19 {main}
"} 
[2021-07-03 00:20:20] local.ERROR: Argument 1 passed to Symfony\Component\HttpFoundation\Response::__construct() must be of the type string or null, resource given, called in /Users/edinmesanovic/Desktop/interview-assignment/app/Http/Controllers/UserController.php on line 59 {"exception":"[object] (TypeError(code: 0): Argument 1 passed to Symfony\\Component\\HttpFoundation\\Response::__construct() must be of the type string or null, resource given, called in /Users/edinmesanovic/Desktop/interview-assignment/app/Http/Controllers/UserController.php on line 59 at /Users/edinmesanovic/Desktop/interview-assignment/vendor/symfony/http-foundation/Response.php:215)
[stacktrace]
#0 /Users/edinmesanovic/Desktop/interview-assignment/app/Http/Controllers/UserController.php(59): Symfony\\Component\\HttpFoundation\\Response->__construct(Resource id #5)
#1 /Users/edinmesanovic/Desktop/interview-assignment/app/Http/Controllers/UserController.php(39): App\\Http\\Controllers\\UserController->generateCsvFile(Object(Illuminate\\Support\\Collection), Array)
#2 /Users/edinmesanovic/Desktop/interview-assignment/vendor/illuminate/container/BoundMethod.php(36): App\\Http\\Controllers\\UserController->export()
#3 /Users/edinmesanovic/Desktop/interview-assignment/vendor/illuminate/container/Util.php(40): Illuminate\\Container\\BoundMethod::Illuminate\\Container\\{closure}()
#4 /Users/edinmesanovic/Desktop/interview-assignment/vendor/illuminate/container/BoundMethod.php(93): Illuminate\\Container\\Util::unwrapIfClosure(Object(Closure))
#5 /Users/edinmesanovic/Desktop/interview-assignment/vendor/illuminate/container/BoundMethod.php(37): Illuminate\\Container\\BoundMethod::callBoundMethod(Object(Laravel\\Lumen\\Application), Array, Object(Closure))
#6 /Users/edinmesanovic/Desktop/interview-assignment/vendor/illuminate/container/Container.php(651): Illuminate\\Container\\BoundMethod::call(Object(Laravel\\Lumen\\Application), Array, Array, NULL)
#7 /Users/edinmesanovic/Desktop/interview-assignment/vendor/laravel/lumen-framework/src/Concerns/RoutesRequests.php(386): Illuminate\\Container\\Container->call(Array, Array)
#8 /Users/edinmesanovic/Desktop/interview-assignment/vendor/laravel/lumen-framework/src/Concerns/RoutesRequests.php(352): Laravel\\Lumen\\Application->callControllerCallable(Array, Array)
#9 /Users/edinmesanovic/Desktop/interview-assignment/vendor/laravel/lumen-framework/src/Concerns/RoutesRequests.php(326): Laravel\\Lumen\\Application->callLumenController(Object(App\\Http\\Controllers\\UserController), 'export', Array)
#10 /Users/edinmesanovic/Desktop/interview-assignment/vendor/laravel/lumen-framework/src/Concerns/RoutesRequests.php(279): Laravel\\Lumen\\Application->callControllerAction(Array)
#11 /Users/edinmesanovic/Desktop/interview-assignment/vendor/laravel/lumen-framework/src/Concerns/RoutesRequests.php(264): Laravel\\Lumen\\Application->callActionOnArrayBasedRoute(Array)
#12 /Users/edinmesanovic/Desktop/interview-assignment/vendor/laravel/lumen-framework/src/Concerns/RoutesRequests.php(166): Laravel\\Lumen\\Application->handleFoundRoute(Array)
#13 /Users/edinmesanovic/Desktop/interview-assignment/vendor/laravel/lumen-framework/src/Concerns/RoutesRequests.php(426): Laravel\\Lumen\\Application->Laravel\\Lumen\\Concerns\\{closure}(Object(Laravel\\Lumen\\Http\\Request))
#14 /Users/edinmesanovic/Desktop/interview-assignment/vendor/laravel/lumen-framework/src/Concerns/RoutesRequests.php(172): Laravel\\Lumen\\Application->sendThroughPipeline(Array, Object(Closure))
#15 /Users/edinmesanovic/Desktop/interview-assignment/vendor/laravel/lumen-framework/src/Concerns/RoutesRequests.php(109): Laravel\\Lumen\\Application->dispatch(NULL)
#16 /Users/edinmesanovic/Desktop/interview-assignment/public/index.php(28): Laravel\\Lumen\\Application->run()
#17 {main}
"} 
[2021-07-03 00:22:03] local.ERROR: Argument 1 passed to Symfony\Component\HttpFoundation\Response::__construct() must be of the type string or null, resource given, called in /Users/edinmesanovic/Desktop/interview-assignment/app/Http/Controllers/UserController.php on line 62 {"exception":"[object] (TypeError(code: 0): Argument 1 passed to Symfony\\Component\\HttpFoundation\\Response::__construct() must be of the type string or null, resource given, called in /Users/edinmesanovic/Desktop/interview-assignment/app/Http/Controllers/UserController.php on line 62 at /Users/edinmesanovic/Desktop/interview-assignment/vendor/symfony/http-foundation/Response.php:215)
[stacktrace]
#0 /Users/edinmesanovic/Desktop/interview-assignment/app/Http/Controllers/UserController.php(62): Symfony\\Component\\HttpFoundation\\Response->__construct(Resource id #5, 200, Array)
#1 /Users/edinmesanovic/Desktop/interview-assignment/app/Http/Controllers/UserController.php(35): App\\Http\\Controllers\\UserController->generateResponse(Object(Illuminate\\Support\\Collection), Array)
#2 /Users/edinmesanovic/Desktop/interview-assignment/vendor/illuminate/container/BoundMethod.php(36): App\\Http\\Controllers\\UserController->export()
#3 /Users/edinmesanovic/Desktop/interview-assignment/vendor/illuminate/container/Util.php(40): Illuminate\\Container\\BoundMethod::Illuminate\\Container\\{closure}()
#4 /Users/edinmesanovic/Desktop/interview-assignment/vendor/illuminate/container/BoundMethod.php(93): Illuminate\\Container\\Util::unwrapIfClosure(Object(Closure))
#5 /Users/edinmesanovic/Desktop/interview-assignment/vendor/illuminate/container/BoundMethod.php(37): Illuminate\\Container\\BoundMethod::callBoundMethod(Object(Laravel\\Lumen\\Application), Array, Object(Closure))
#6 /Users/edinmesanovic/Desktop/interview-assignment/vendor/illuminate/container/Container.php(651): Illuminate\\Container\\BoundMethod::call(Object(Laravel\\Lumen\\Application), Array, Array, NULL)
#7 /Users/edinmesanovic/Desktop/interview-assignment/vendor/laravel/lumen-framework/src/Concerns/RoutesRequests.php(386): Illuminate\\Container\\Container->call(Array, Array)
#8 /Users/edinmesanovic/Desktop/interview-assignment/vendor/laravel/lumen-framework/src/Concerns/RoutesRequests.php(352): Laravel\\Lumen\\Application->callControllerCallable(Array, Array)
#9 /Users/edinmesanovic/Desktop/interview-assignment/vendor/laravel/lumen-framework/src/Concerns/RoutesRequests.php(326): Laravel\\Lumen\\Application->callLumenController(Object(App\\Http\\Controllers\\UserController), 'export', Array)
#10 /Users/edinmesanovic/Desktop/interview-assignment/vendor/laravel/lumen-framework/src/Concerns/RoutesRequests.php(279): Laravel\\Lumen\\Application->callControllerAction(Array)
#11 /Users/edinmesanovic/Desktop/interview-assignment/vendor/laravel/lumen-framework/src/Concerns/RoutesRequests.php(264): Laravel\\Lumen\\Application->callActionOnArrayBasedRoute(Array)
#12 /Users/edinmesanovic/Desktop/interview-assignment/vendor/laravel/lumen-framework/src/Concerns/RoutesRequests.php(166): Laravel\\Lumen\\Application->handleFoundRoute(Array)
#13 /Users/edinmesanovic/Desktop/interview-assignment/vendor/laravel/lumen-framework/src/Concerns/RoutesRequests.php(426): Laravel\\Lumen\\Application->Laravel\\Lumen\\Concerns\\{closure}(Object(Laravel\\Lumen\\Http\\Request))
#14 /Users/edinmesanovic/Desktop/interview-assignment/vendor/laravel/lumen-framework/src/Concerns/RoutesRequests.php(172): Laravel\\Lumen\\Application->sendThroughPipeline(Array, Object(Closure))
#15 /Users/edinmesanovic/Desktop/interview-assignment/vendor/laravel/lumen-framework/src/Concerns/RoutesRequests.php(109): Laravel\\Lumen\\Application->dispatch(NULL)
#16 /Users/edinmesanovic/Desktop/interview-assignment/public/index.php(28): Laravel\\Lumen\\Application->run()
#17 {main}
"} 
[2021-07-03 00:22:47] local.ERROR: Argument 1 passed to Symfony\Component\HttpFoundation\StreamedResponse::__construct() must be callable or null, resource given, called in /Users/edinmesanovic/Desktop/interview-assignment/vendor/laravel/lumen-framework/src/Http/ResponseFactory.php on line 53 {"exception":"[object] (TypeError(code: 0): Argument 1 passed to Symfony\\Component\\HttpFoundation\\StreamedResponse::__construct() must be callable or null, resource given, called in /Users/edinmesanovic/Desktop/interview-assignment/vendor/laravel/lumen-framework/src/Http/ResponseFactory.php on line 53 at /Users/edinmesanovic/Desktop/interview-assignment/vendor/symfony/http-foundation/StreamedResponse.php:33)
[stacktrace]
#0 /Users/edinmesanovic/Desktop/interview-assignment/vendor/laravel/lumen-framework/src/Http/ResponseFactory.php(53): Symfony\\Component\\HttpFoundation\\StreamedResponse->__construct(Resource id #5, 200, Array)
#1 /Users/edinmesanovic/Desktop/interview-assignment/app/Http/Controllers/UserController.php(62): Laravel\\Lumen\\Http\\ResponseFactory->stream(Resource id #5, 200, Array)
#2 /Users/edinmesanovic/Desktop/interview-assignment/app/Http/Controllers/UserController.php(35): App\\Http\\Controllers\\UserController->generateResponse(Object(Illuminate\\Support\\Collection), Array)
#3 /Users/edinmesanovic/Desktop/interview-assignment/vendor/illuminate/container/BoundMethod.php(36): App\\Http\\Controllers\\UserController->export()
#4 /Users/edinmesanovic/Desktop/interview-assignment/vendor/illuminate/container/Util.php(40): Illuminate\\Container\\BoundMethod::Illuminate\\Container\\{closure}()
#5 /Users/edinmesanovic/Desktop/interview-assignment/vendor/illuminate/container/BoundMethod.php(93): Illuminate\\Container\\Util::unwrapIfClosure(Object(Closure))
#6 /Users/edinmesanovic/Desktop/interview-assignment/vendor/illuminate/container/BoundMethod.php(37): Illuminate\\Container\\BoundMethod::callBoundMethod(Object(Laravel\\Lumen\\Application), Array, Object(Closure))
#7 /Users/edinmesanovic/Desktop/interview-assignment/vendor/illuminate/container/Container.php(651): Illuminate\\Container\\BoundMethod::call(Object(Laravel\\Lumen\\Application), Array, Array, NULL)
#8 /Users/edinmesanovic/Desktop/interview-assignment/vendor/laravel/lumen-framework/src/Concerns/RoutesRequests.php(386): Illuminate\\Container\\Container->call(Array, Array)
#9 /Users/edinmesanovic/Desktop/interview-assignment/vendor/laravel/lumen-framework/src/Concerns/RoutesRequests.php(352): Laravel\\Lumen\\Application->callControllerCallable(Array, Array)
#10 /Users/edinmesanovic/Desktop/interview-assignment/vendor/laravel/lumen-framework/src/Concerns/RoutesRequests.php(326): Laravel\\Lumen\\Application->callLumenController(Object(App\\Http\\Controllers\\UserController), 'export', Array)
#11 /Users/edinmesanovic/Desktop/interview-assignment/vendor/laravel/lumen-framework/src/Concerns/RoutesRequests.php(279): Laravel\\Lumen\\Application->callControllerAction(Array)
#12 /Users/edinmesanovic/Desktop/interview-assignment/vendor/laravel/lumen-framework/src/Concerns/RoutesRequests.php(264): Laravel\\Lumen\\Application->callActionOnArrayBasedRoute(Array)
#13 /Users/edinmesanovic/Desktop/interview-assignment/vendor/laravel/lumen-framework/src/Concerns/RoutesRequests.php(166): Laravel\\Lumen\\Application->handleFoundRoute(Array)
#14 /Users/edinmesanovic/Desktop/interview-assignment/vendor/laravel/lumen-framework/src/Concerns/RoutesRequests.php(426): Laravel\\Lumen\\Application->Laravel\\Lumen\\Concerns\\{closure}(Object(Laravel\\Lumen\\Http\\Request))
#15 /Users/edinmesanovic/Desktop/interview-assignment/vendor/laravel/lumen-framework/src/Concerns/RoutesRequests.php(172): Laravel\\Lumen\\Application->sendThroughPipeline(Array, Object(Closure))
#16 /Users/edinmesanovic/Desktop/interview-assignment/vendor/laravel/lumen-framework/src/Concerns/RoutesRequests.php(109): Laravel\\Lumen\\Application->dispatch(NULL)
#17 /Users/edinmesanovic/Desktop/interview-assignment/public/index.php(28): Laravel\\Lumen\\Application->run()
#18 {main}
"} 
[2021-07-03 00:26:31] local.ERROR: Object of class Closure could not be converted to string {"exception":"[object] (Error(code: 0): Object of class Closure could not be converted to string at /Users/edinmesanovic/Desktop/interview-assignment/vendor/symfony/http-foundation/BinaryFileResponse.php:93)
[stacktrace]
#0 /Users/edinmesanovic/Desktop/interview-assignment/vendor/symfony/http-foundation/BinaryFileResponse.php(51): Symfony\\Component\\HttpFoundation\\BinaryFileResponse->setFile(Object(Closure), 'attachment', false, true)
#1 /Users/edinmesanovic/Desktop/interview-assignment/vendor/laravel/lumen-framework/src/Http/ResponseFactory.php(67): Symfony\\Component\\HttpFoundation\\BinaryFileResponse->__construct(Object(Closure), 200, Array, true, 'attachment')
#2 /Users/edinmesanovic/Desktop/interview-assignment/app/Http/Controllers/UserController.php(56): Laravel\\Lumen\\Http\\ResponseFactory->download(Object(Closure), 200, Array)
#3 /Users/edinmesanovic/Desktop/interview-assignment/vendor/illuminate/container/BoundMethod.php(36): App\\Http\\Controllers\\UserController->export()
#4 /Users/edinmesanovic/Desktop/interview-assignment/vendor/illuminate/container/Util.php(40): Illuminate\\Container\\BoundMethod::Illuminate\\Container\\{closure}()
#5 /Users/edinmesanovic/Desktop/interview-assignment/vendor/illuminate/container/BoundMethod.php(93): Illuminate\\Container\\Util::unwrapIfClosure(Object(Closure))
#6 /Users/edinmesanovic/Desktop/interview-assignment/vendor/illuminate/container/BoundMethod.php(37): Illuminate\\Container\\BoundMethod::callBoundMethod(Object(Laravel\\Lumen\\Application), Array, Object(Closure))
#7 /Users/edinmesanovic/Desktop/interview-assignment/vendor/illuminate/container/Container.php(651): Illuminate\\Container\\BoundMethod::call(Object(Laravel\\Lumen\\Application), Array, Array, NULL)
#8 /Users/edinmesanovic/Desktop/interview-assignment/vendor/laravel/lumen-framework/src/Concerns/RoutesRequests.php(386): Illuminate\\Container\\Container->call(Array, Array)
#9 /Users/edinmesanovic/Desktop/interview-assignment/vendor/laravel/lumen-framework/src/Concerns/RoutesRequests.php(352): Laravel\\Lumen\\Application->callControllerCallable(Array, Array)
#10 /Users/edinmesanovic/Desktop/interview-assignment/vendor/laravel/lumen-framework/src/Concerns/RoutesRequests.php(326): Laravel\\Lumen\\Application->callLumenController(Object(App\\Http\\Controllers\\UserController), 'export', Array)
#11 /Users/edinmesanovic/Desktop/interview-assignment/vendor/laravel/lumen-framework/src/Concerns/RoutesRequests.php(279): Laravel\\Lumen\\Application->callControllerAction(Array)
#12 /Users/edinmesanovic/Desktop/interview-assignment/vendor/laravel/lumen-framework/src/Concerns/RoutesRequests.php(264): Laravel\\Lumen\\Application->callActionOnArrayBasedRoute(Array)
#13 /Users/edinmesanovic/Desktop/interview-assignment/vendor/laravel/lumen-framework/src/Concerns/RoutesRequests.php(166): Laravel\\Lumen\\Application->handleFoundRoute(Array)
#14 /Users/edinmesanovic/Desktop/interview-assignment/vendor/laravel/lumen-framework/src/Concerns/RoutesRequests.php(426): Laravel\\Lumen\\Application->Laravel\\Lumen\\Concerns\\{closure}(Object(Laravel\\Lumen\\Http\\Request))
#15 /Users/edinmesanovic/Desktop/interview-assignment/vendor/laravel/lumen-framework/src/Concerns/RoutesRequests.php(172): Laravel\\Lumen\\Application->sendThroughPipeline(Array, Object(Closure))
#16 /Users/edinmesanovic/Desktop/interview-assignment/vendor/laravel/lumen-framework/src/Concerns/RoutesRequests.php(109): Laravel\\Lumen\\Application->dispatch(NULL)
#17 /Users/edinmesanovic/Desktop/interview-assignment/public/index.php(28): Laravel\\Lumen\\Application->run()
#18 {main}
"} 
[2021-07-03 00:48:39] local.ERROR: Class 'League\Flysystem\Adapter\Local' not found {"exception":"[object] (Error(code: 0): Class 'League\\Flysystem\\Adapter\\Local' not found at /Users/edinmesanovic/Desktop/interview-assignment/vendor/illuminate/filesystem/FilesystemManager.php:179)
[stacktrace]
#0 /Users/edinmesanovic/Desktop/interview-assignment/vendor/illuminate/filesystem/FilesystemManager.php(147): Illuminate\\Filesystem\\FilesystemManager->createLocalDriver(Array)
#1 /Users/edinmesanovic/Desktop/interview-assignment/vendor/illuminate/filesystem/FilesystemManager.php(115): Illuminate\\Filesystem\\FilesystemManager->resolve('local')
#2 /Users/edinmesanovic/Desktop/interview-assignment/vendor/illuminate/filesystem/FilesystemManager.php(78): Illuminate\\Filesystem\\FilesystemManager->get('local')
#3 /Users/edinmesanovic/Desktop/interview-assignment/vendor/illuminate/support/Facades/Facade.php(261): Illuminate\\Filesystem\\FilesystemManager->disk('local')
#4 /Users/edinmesanovic/Desktop/interview-assignment/app/Http/Controllers/UserController.php(59): Illuminate\\Support\\Facades\\Facade::__callStatic('disk', Array)
#5 /Users/edinmesanovic/Desktop/interview-assignment/vendor/illuminate/container/BoundMethod.php(36): App\\Http\\Controllers\\UserController->export()
#6 /Users/edinmesanovic/Desktop/interview-assignment/vendor/illuminate/container/Util.php(40): Illuminate\\Container\\BoundMethod::Illuminate\\Container\\{closure}()
#7 /Users/edinmesanovic/Desktop/interview-assignment/vendor/illuminate/container/BoundMethod.php(93): Illuminate\\Container\\Util::unwrapIfClosure(Object(Closure))
#8 /Users/edinmesanovic/Desktop/interview-assignment/vendor/illuminate/container/BoundMethod.php(37): Illuminate\\Container\\BoundMethod::callBoundMethod(Object(Laravel\\Lumen\\Application), Array, Object(Closure))
#9 /Users/edinmesanovic/Desktop/interview-assignment/vendor/illuminate/container/Container.php(651): Illuminate\\Container\\BoundMethod::call(Object(Laravel\\Lumen\\Application), Array, Array, NULL)
#10 /Users/edinmesanovic/Desktop/interview-assignment/vendor/laravel/lumen-framework/src/Concerns/RoutesRequests.php(386): Illuminate\\Container\\Container->call(Array, Array)
#11 /Users/edinmesanovic/Desktop/interview-assignment/vendor/laravel/lumen-framework/src/Concerns/RoutesRequests.php(352): Laravel\\Lumen\\Application->callControllerCallable(Array, Array)
#12 /Users/edinmesanovic/Desktop/interview-assignment/vendor/laravel/lumen-framework/src/Concerns/RoutesRequests.php(326): Laravel\\Lumen\\Application->callLumenController(Object(App\\Http\\Controllers\\UserController), 'export', Array)
#13 /Users/edinmesanovic/Desktop/interview-assignment/vendor/laravel/lumen-framework/src/Concerns/RoutesRequests.php(279): Laravel\\Lumen\\Application->callControllerAction(Array)
#14 /Users/edinmesanovic/Desktop/interview-assignment/vendor/laravel/lumen-framework/src/Concerns/RoutesRequests.php(264): Laravel\\Lumen\\Application->callActionOnArrayBasedRoute(Array)
#15 /Users/edinmesanovic/Desktop/interview-assignment/vendor/laravel/lumen-framework/src/Concerns/RoutesRequests.php(166): Laravel\\Lumen\\Application->handleFoundRoute(Array)
#16 /Users/edinmesanovic/Desktop/interview-assignment/vendor/laravel/lumen-framework/src/Concerns/RoutesRequests.php(426): Laravel\\Lumen\\Application->Laravel\\Lumen\\Concerns\\{closure}(Object(Laravel\\Lumen\\Http\\Request))
#17 /Users/edinmesanovic/Desktop/interview-assignment/vendor/laravel/lumen-framework/src/Concerns/RoutesRequests.php(172): Laravel\\Lumen\\Application->sendThroughPipeline(Array, Object(Closure))
#18 /Users/edinmesanovic/Desktop/interview-assignment/vendor/laravel/lumen-framework/src/Concerns/RoutesRequests.php(109): Laravel\\Lumen\\Application->dispatch(NULL)
#19 /Users/edinmesanovic/Desktop/interview-assignment/public/index.php(28): Laravel\\Lumen\\Application->run()
#20 {main}
"} 
[2021-07-03 00:49:16] local.ERROR: Class 'League\Flysystem\Adapter\Local' not found {"exception":"[object] (Error(code: 0): Class 'League\\Flysystem\\Adapter\\Local' not found at /Users/edinmesanovic/Desktop/interview-assignment/vendor/illuminate/filesystem/FilesystemManager.php:179)
[stacktrace]
#0 /Users/edinmesanovic/Desktop/interview-assignment/vendor/illuminate/filesystem/FilesystemManager.php(147): Illuminate\\Filesystem\\FilesystemManager->createLocalDriver(Array)
#1 /Users/edinmesanovic/Desktop/interview-assignment/vendor/illuminate/filesystem/FilesystemManager.php(115): Illuminate\\Filesystem\\FilesystemManager->resolve('local')
#2 /Users/edinmesanovic/Desktop/interview-assignment/vendor/illuminate/filesystem/FilesystemManager.php(78): Illuminate\\Filesystem\\FilesystemManager->get('local')
#3 /Users/edinmesanovic/Desktop/interview-assignment/vendor/illuminate/support/Facades/Facade.php(261): Illuminate\\Filesystem\\FilesystemManager->disk()
#4 /Users/edinmesanovic/Desktop/interview-assignment/app/Http/Controllers/UserController.php(59): Illuminate\\Support\\Facades\\Facade::__callStatic('disk', Array)
#5 /Users/edinmesanovic/Desktop/interview-assignment/vendor/illuminate/container/BoundMethod.php(36): App\\Http\\Controllers\\UserController->export()
#6 /Users/edinmesanovic/Desktop/interview-assignment/vendor/illuminate/container/Util.php(40): Illuminate\\Container\\BoundMethod::Illuminate\\Container\\{closure}()
#7 /Users/edinmesanovic/Desktop/interview-assignment/vendor/illuminate/container/BoundMethod.php(93): Illuminate\\Container\\Util::unwrapIfClosure(Object(Closure))
#8 /Users/edinmesanovic/Desktop/interview-assignment/vendor/illuminate/container/BoundMethod.php(37): Illuminate\\Container\\BoundMethod::callBoundMethod(Object(Laravel\\Lumen\\Application), Array, Object(Closure))
#9 /Users/edinmesanovic/Desktop/interview-assignment/vendor/illuminate/container/Container.php(651): Illuminate\\Container\\BoundMethod::call(Object(Laravel\\Lumen\\Application), Array, Array, NULL)
#10 /Users/edinmesanovic/Desktop/interview-assignment/vendor/laravel/lumen-framework/src/Concerns/RoutesRequests.php(386): Illuminate\\Container\\Container->call(Array, Array)
#11 /Users/edinmesanovic/Desktop/interview-assignment/vendor/laravel/lumen-framework/src/Concerns/RoutesRequests.php(352): Laravel\\Lumen\\Application->callControllerCallable(Array, Array)
#12 /Users/edinmesanovic/Desktop/interview-assignment/vendor/laravel/lumen-framework/src/Concerns/RoutesRequests.php(326): Laravel\\Lumen\\Application->callLumenController(Object(App\\Http\\Controllers\\UserController), 'export', Array)
#13 /Users/edinmesanovic/Desktop/interview-assignment/vendor/laravel/lumen-framework/src/Concerns/RoutesRequests.php(279): Laravel\\Lumen\\Application->callControllerAction(Array)
#14 /Users/edinmesanovic/Desktop/interview-assignment/vendor/laravel/lumen-framework/src/Concerns/RoutesRequests.php(264): Laravel\\Lumen\\Application->callActionOnArrayBasedRoute(Array)
#15 /Users/edinmesanovic/Desktop/interview-assignment/vendor/laravel/lumen-framework/src/Concerns/RoutesRequests.php(166): Laravel\\Lumen\\Application->handleFoundRoute(Array)
#16 /Users/edinmesanovic/Desktop/interview-assignment/vendor/laravel/lumen-framework/src/Concerns/RoutesRequests.php(426): Laravel\\Lumen\\Application->Laravel\\Lumen\\Concerns\\{closure}(Object(Laravel\\Lumen\\Http\\Request))
#17 /Users/edinmesanovic/Desktop/interview-assignment/vendor/laravel/lumen-framework/src/Concerns/RoutesRequests.php(172): Laravel\\Lumen\\Application->sendThroughPipeline(Array, Object(Closure))
#18 /Users/edinmesanovic/Desktop/interview-assignment/vendor/laravel/lumen-framework/src/Concerns/RoutesRequests.php(109): Laravel\\Lumen\\Application->dispatch(NULL)
#19 /Users/edinmesanovic/Desktop/interview-assignment/public/index.php(28): Laravel\\Lumen\\Application->run()
#20 {main}
"} 
[2021-07-03 00:49:21] local.ERROR: Disk [storage] does not have a configured driver. {"exception":"[object] (InvalidArgumentException(code: 0): Disk [storage] does not have a configured driver. at /Users/edinmesanovic/Desktop/interview-assignment/vendor/illuminate/filesystem/FilesystemManager.php:132)
[stacktrace]
#0 /Users/edinmesanovic/Desktop/interview-assignment/vendor/illuminate/filesystem/FilesystemManager.php(115): Illuminate\\Filesystem\\FilesystemManager->resolve('storage')
#1 /Users/edinmesanovic/Desktop/interview-assignment/vendor/illuminate/filesystem/FilesystemManager.php(78): Illuminate\\Filesystem\\FilesystemManager->get('storage')
#2 /Users/edinmesanovic/Desktop/interview-assignment/vendor/illuminate/support/Facades/Facade.php(261): Illuminate\\Filesystem\\FilesystemManager->disk('storage')
#3 /Users/edinmesanovic/Desktop/interview-assignment/app/Http/Controllers/UserController.php(59): Illuminate\\Support\\Facades\\Facade::__callStatic('disk', Array)
#4 /Users/edinmesanovic/Desktop/interview-assignment/vendor/illuminate/container/BoundMethod.php(36): App\\Http\\Controllers\\UserController->export()
#5 /Users/edinmesanovic/Desktop/interview-assignment/vendor/illuminate/container/Util.php(40): Illuminate\\Container\\BoundMethod::Illuminate\\Container\\{closure}()
#6 /Users/edinmesanovic/Desktop/interview-assignment/vendor/illuminate/container/BoundMethod.php(93): Illuminate\\Container\\Util::unwrapIfClosure(Object(Closure))
#7 /Users/edinmesanovic/Desktop/interview-assignment/vendor/illuminate/container/BoundMethod.php(37): Illuminate\\Container\\BoundMethod::callBoundMethod(Object(Laravel\\Lumen\\Application), Array, Object(Closure))
#8 /Users/edinmesanovic/Desktop/interview-assignment/vendor/illuminate/container/Container.php(651): Illuminate\\Container\\BoundMethod::call(Object(Laravel\\Lumen\\Application), Array, Array, NULL)
#9 /Users/edinmesanovic/Desktop/interview-assignment/vendor/laravel/lumen-framework/src/Concerns/RoutesRequests.php(386): Illuminate\\Container\\Container->call(Array, Array)
#10 /Users/edinmesanovic/Desktop/interview-assignment/vendor/laravel/lumen-framework/src/Concerns/RoutesRequests.php(352): Laravel\\Lumen\\Application->callControllerCallable(Array, Array)
#11 /Users/edinmesanovic/Desktop/interview-assignment/vendor/laravel/lumen-framework/src/Concerns/RoutesRequests.php(326): Laravel\\Lumen\\Application->callLumenController(Object(App\\Http\\Controllers\\UserController), 'export', Array)
#12 /Users/edinmesanovic/Desktop/interview-assignment/vendor/laravel/lumen-framework/src/Concerns/RoutesRequests.php(279): Laravel\\Lumen\\Application->callControllerAction(Array)
#13 /Users/edinmesanovic/Desktop/interview-assignment/vendor/laravel/lumen-framework/src/Concerns/RoutesRequests.php(264): Laravel\\Lumen\\Application->callActionOnArrayBasedRoute(Array)
#14 /Users/edinmesanovic/Desktop/interview-assignment/vendor/laravel/lumen-framework/src/Concerns/RoutesRequests.php(166): Laravel\\Lumen\\Application->handleFoundRoute(Array)
#15 /Users/edinmesanovic/Desktop/interview-assignment/vendor/laravel/lumen-framework/src/Concerns/RoutesRequests.php(426): Laravel\\Lumen\\Application->Laravel\\Lumen\\Concerns\\{closure}(Object(Laravel\\Lumen\\Http\\Request))
#16 /Users/edinmesanovic/Desktop/interview-assignment/vendor/laravel/lumen-framework/src/Concerns/RoutesRequests.php(172): Laravel\\Lumen\\Application->sendThroughPipeline(Array, Object(Closure))
#17 /Users/edinmesanovic/Desktop/interview-assignment/vendor/laravel/lumen-framework/src/Concerns/RoutesRequests.php(109): Laravel\\Lumen\\Application->dispatch(NULL)
#18 /Users/edinmesanovic/Desktop/interview-assignment/public/index.php(28): Laravel\\Lumen\\Application->run()
#19 {main}
"} 
[2021-07-03 00:49:30] local.ERROR: Disk [storage/app] does not have a configured driver. {"exception":"[object] (InvalidArgumentException(code: 0): Disk [storage/app] does not have a configured driver. at /Users/edinmesanovic/Desktop/interview-assignment/vendor/illuminate/filesystem/FilesystemManager.php:132)
[stacktrace]
#0 /Users/edinmesanovic/Desktop/interview-assignment/vendor/illuminate/filesystem/FilesystemManager.php(115): Illuminate\\Filesystem\\FilesystemManager->resolve('storage/app')
#1 /Users/edinmesanovic/Desktop/interview-assignment/vendor/illuminate/filesystem/FilesystemManager.php(78): Illuminate\\Filesystem\\FilesystemManager->get('storage/app')
#2 /Users/edinmesanovic/Desktop/interview-assignment/vendor/illuminate/support/Facades/Facade.php(261): Illuminate\\Filesystem\\FilesystemManager->disk('storage/app')
#3 /Users/edinmesanovic/Desktop/interview-assignment/app/Http/Controllers/UserController.php(59): Illuminate\\Support\\Facades\\Facade::__callStatic('disk', Array)
#4 /Users/edinmesanovic/Desktop/interview-assignment/vendor/illuminate/container/BoundMethod.php(36): App\\Http\\Controllers\\UserController->export()
#5 /Users/edinmesanovic/Desktop/interview-assignment/vendor/illuminate/container/Util.php(40): Illuminate\\Container\\BoundMethod::Illuminate\\Container\\{closure}()
#6 /Users/edinmesanovic/Desktop/interview-assignment/vendor/illuminate/container/BoundMethod.php(93): Illuminate\\Container\\Util::unwrapIfClosure(Object(Closure))
#7 /Users/edinmesanovic/Desktop/interview-assignment/vendor/illuminate/container/BoundMethod.php(37): Illuminate\\Container\\BoundMethod::callBoundMethod(Object(Laravel\\Lumen\\Application), Array, Object(Closure))
#8 /Users/edinmesanovic/Desktop/interview-assignment/vendor/illuminate/container/Container.php(651): Illuminate\\Container\\BoundMethod::call(Object(Laravel\\Lumen\\Application), Array, Array, NULL)
#9 /Users/edinmesanovic/Desktop/interview-assignment/vendor/laravel/lumen-framework/src/Concerns/RoutesRequests.php(386): Illuminate\\Container\\Container->call(Array, Array)
#10 /Users/edinmesanovic/Desktop/interview-assignment/vendor/laravel/lumen-framework/src/Concerns/RoutesRequests.php(352): Laravel\\Lumen\\Application->callControllerCallable(Array, Array)
#11 /Users/edinmesanovic/Desktop/interview-assignment/vendor/laravel/lumen-framework/src/Concerns/RoutesRequests.php(326): Laravel\\Lumen\\Application->callLumenController(Object(App\\Http\\Controllers\\UserController), 'export', Array)
#12 /Users/edinmesanovic/Desktop/interview-assignment/vendor/laravel/lumen-framework/src/Concerns/RoutesRequests.php(279): Laravel\\Lumen\\Application->callControllerAction(Array)
#13 /Users/edinmesanovic/Desktop/interview-assignment/vendor/laravel/lumen-framework/src/Concerns/RoutesRequests.php(264): Laravel\\Lumen\\Application->callActionOnArrayBasedRoute(Array)
#14 /Users/edinmesanovic/Desktop/interview-assignment/vendor/laravel/lumen-framework/src/Concerns/RoutesRequests.php(166): Laravel\\Lumen\\Application->handleFoundRoute(Array)
#15 /Users/edinmesanovic/Desktop/interview-assignment/vendor/laravel/lumen-framework/src/Concerns/RoutesRequests.php(426): Laravel\\Lumen\\Application->Laravel\\Lumen\\Concerns\\{closure}(Object(Laravel\\Lumen\\Http\\Request))
#16 /Users/edinmesanovic/Desktop/interview-assignment/vendor/laravel/lumen-framework/src/Concerns/RoutesRequests.php(172): Laravel\\Lumen\\Application->sendThroughPipeline(Array, Object(Closure))
#17 /Users/edinmesanovic/Desktop/interview-assignment/vendor/laravel/lumen-framework/src/Concerns/RoutesRequests.php(109): Laravel\\Lumen\\Application->dispatch(NULL)
#18 /Users/edinmesanovic/Desktop/interview-assignment/public/index.php(28): Laravel\\Lumen\\Application->run()
#19 {main}
"} 
[2021-07-03 00:51:33] local.ERROR: Class 'League\Flysystem\Adapter\Local' not found {"exception":"[object] (Error(code: 0): Class 'League\\Flysystem\\Adapter\\Local' not found at /Users/edinmesanovic/Desktop/interview-assignment/vendor/illuminate/filesystem/FilesystemManager.php:179)
[stacktrace]
#0 /Users/edinmesanovic/Desktop/interview-assignment/vendor/illuminate/filesystem/FilesystemManager.php(147): Illuminate\\Filesystem\\FilesystemManager->createLocalDriver(Array)
#1 /Users/edinmesanovic/Desktop/interview-assignment/vendor/illuminate/filesystem/FilesystemManager.php(115): Illuminate\\Filesystem\\FilesystemManager->resolve('local')
#2 /Users/edinmesanovic/Desktop/interview-assignment/vendor/illuminate/filesystem/FilesystemManager.php(78): Illuminate\\Filesystem\\FilesystemManager->get('local')
#3 /Users/edinmesanovic/Desktop/interview-assignment/vendor/illuminate/support/Facades/Facade.php(261): Illuminate\\Filesystem\\FilesystemManager->disk('local')
#4 /Users/edinmesanovic/Desktop/interview-assignment/app/Http/Controllers/UserController.php(59): Illuminate\\Support\\Facades\\Facade::__callStatic('disk', Array)
#5 /Users/edinmesanovic/Desktop/interview-assignment/vendor/illuminate/container/BoundMethod.php(36): App\\Http\\Controllers\\UserController->export()
#6 /Users/edinmesanovic/Desktop/interview-assignment/vendor/illuminate/container/Util.php(40): Illuminate\\Container\\BoundMethod::Illuminate\\Container\\{closure}()
#7 /Users/edinmesanovic/Desktop/interview-assignment/vendor/illuminate/container/BoundMethod.php(93): Illuminate\\Container\\Util::unwrapIfClosure(Object(Closure))
#8 /Users/edinmesanovic/Desktop/interview-assignment/vendor/illuminate/container/BoundMethod.php(37): Illuminate\\Container\\BoundMethod::callBoundMethod(Object(Laravel\\Lumen\\Application), Array, Object(Closure))
#9 /Users/edinmesanovic/Desktop/interview-assignment/vendor/illuminate/container/Container.php(651): Illuminate\\Container\\BoundMethod::call(Object(Laravel\\Lumen\\Application), Array, Array, NULL)
#10 /Users/edinmesanovic/Desktop/interview-assignment/vendor/laravel/lumen-framework/src/Concerns/RoutesRequests.php(386): Illuminate\\Container\\Container->call(Array, Array)
#11 /Users/edinmesanovic/Desktop/interview-assignment/vendor/laravel/lumen-framework/src/Concerns/RoutesRequests.php(352): Laravel\\Lumen\\Application->callControllerCallable(Array, Array)
#12 /Users/edinmesanovic/Desktop/interview-assignment/vendor/laravel/lumen-framework/src/Concerns/RoutesRequests.php(326): Laravel\\Lumen\\Application->callLumenController(Object(App\\Http\\Controllers\\UserController), 'export', Array)
#13 /Users/edinmesanovic/Desktop/interview-assignment/vendor/laravel/lumen-framework/src/Concerns/RoutesRequests.php(279): Laravel\\Lumen\\Application->callControllerAction(Array)
#14 /Users/edinmesanovic/Desktop/interview-assignment/vendor/laravel/lumen-framework/src/Concerns/RoutesRequests.php(264): Laravel\\Lumen\\Application->callActionOnArrayBasedRoute(Array)
#15 /Users/edinmesanovic/Desktop/interview-assignment/vendor/laravel/lumen-framework/src/Concerns/RoutesRequests.php(166): Laravel\\Lumen\\Application->handleFoundRoute(Array)
#16 /Users/edinmesanovic/Desktop/interview-assignment/vendor/laravel/lumen-framework/src/Concerns/RoutesRequests.php(426): Laravel\\Lumen\\Application->Laravel\\Lumen\\Concerns\\{closure}(Object(Laravel\\Lumen\\Http\\Request))
#17 /Users/edinmesanovic/Desktop/interview-assignment/vendor/laravel/lumen-framework/src/Concerns/RoutesRequests.php(172): Laravel\\Lumen\\Application->sendThroughPipeline(Array, Object(Closure))
#18 /Users/edinmesanovic/Desktop/interview-assignment/vendor/laravel/lumen-framework/src/Concerns/RoutesRequests.php(109): Laravel\\Lumen\\Application->dispatch(NULL)
#19 /Users/edinmesanovic/Desktop/interview-assignment/public/index.php(28): Laravel\\Lumen\\Application->run()
#20 {main}
"} 
[2021-07-03 01:09:31] local.ERROR: Return value of App\Http\Controllers\UserController::generateCsv() must be of the type string, none returned {"exception":"[object] (TypeError(code: 0): Return value of App\\Http\\Controllers\\UserController::generateCsv() must be of the type string, none returned at /Users/edinmesanovic/Desktop/interview-assignment/app/Http/Controllers/UserController.php:57)
[stacktrace]
#0 /Users/edinmesanovic/Desktop/interview-assignment/app/Http/Controllers/UserController.php(33): App\\Http\\Controllers\\UserController->generateCsv(Object(Illuminate\\Support\\Collection), Array)
#1 /Users/edinmesanovic/Desktop/interview-assignment/vendor/illuminate/container/BoundMethod.php(36): App\\Http\\Controllers\\UserController->export()
#2 /Users/edinmesanovic/Desktop/interview-assignment/vendor/illuminate/container/Util.php(40): Illuminate\\Container\\BoundMethod::Illuminate\\Container\\{closure}()
#3 /Users/edinmesanovic/Desktop/interview-assignment/vendor/illuminate/container/BoundMethod.php(93): Illuminate\\Container\\Util::unwrapIfClosure(Object(Closure))
#4 /Users/edinmesanovic/Desktop/interview-assignment/vendor/illuminate/container/BoundMethod.php(37): Illuminate\\Container\\BoundMethod::callBoundMethod(Object(Laravel\\Lumen\\Application), Array, Object(Closure))
#5 /Users/edinmesanovic/Desktop/interview-assignment/vendor/illuminate/container/Container.php(651): Illuminate\\Container\\BoundMethod::call(Object(Laravel\\Lumen\\Application), Array, Array, NULL)
#6 /Users/edinmesanovic/Desktop/interview-assignment/vendor/laravel/lumen-framework/src/Concerns/RoutesRequests.php(386): Illuminate\\Container\\Container->call(Array, Array)
#7 /Users/edinmesanovic/Desktop/interview-assignment/vendor/laravel/lumen-framework/src/Concerns/RoutesRequests.php(352): Laravel\\Lumen\\Application->callControllerCallable(Array, Array)
#8 /Users/edinmesanovic/Desktop/interview-assignment/vendor/laravel/lumen-framework/src/Concerns/RoutesRequests.php(326): Laravel\\Lumen\\Application->callLumenController(Object(App\\Http\\Controllers\\UserController), 'export', Array)
#9 /Users/edinmesanovic/Desktop/interview-assignment/vendor/laravel/lumen-framework/src/Concerns/RoutesRequests.php(279): Laravel\\Lumen\\Application->callControllerAction(Array)
#10 /Users/edinmesanovic/Desktop/interview-assignment/vendor/laravel/lumen-framework/src/Concerns/RoutesRequests.php(264): Laravel\\Lumen\\Application->callActionOnArrayBasedRoute(Array)
#11 /Users/edinmesanovic/Desktop/interview-assignment/vendor/laravel/lumen-framework/src/Concerns/RoutesRequests.php(166): Laravel\\Lumen\\Application->handleFoundRoute(Array)
#12 /Users/edinmesanovic/Desktop/interview-assignment/vendor/laravel/lumen-framework/src/Concerns/RoutesRequests.php(426): Laravel\\Lumen\\Application->Laravel\\Lumen\\Concerns\\{closure}(Object(Laravel\\Lumen\\Http\\Request))
#13 /Users/edinmesanovic/Desktop/interview-assignment/vendor/laravel/lumen-framework/src/Concerns/RoutesRequests.php(172): Laravel\\Lumen\\Application->sendThroughPipeline(Array, Object(Closure))
#14 /Users/edinmesanovic/Desktop/interview-assignment/vendor/laravel/lumen-framework/src/Concerns/RoutesRequests.php(109): Laravel\\Lumen\\Application->dispatch(NULL)
#15 /Users/edinmesanovic/Desktop/interview-assignment/public/index.php(28): Laravel\\Lumen\\Application->run()
#16 {main}
"} 
