[2021-09-02 09:23:43] local.ERROR: Command "serve" is not defined. {"exception":"[object] (Symfony\\Component\\Console\\Exception\\CommandNotFoundException(code: 0): Command \"serve\" is not defined. at /Users/edinmesanovic/Desktop/Ansøgninger/CEGO/interview-assignment/vendor/symfony/console/Application.php:682)
[stacktrace]
#0 /Users/edinmesanovic/Desktop/Ansøgninger/CEGO/interview-assignment/vendor/symfony/console/Application.php(255): Symfony\\Component\\Console\\Application->find('serve')
#1 /Users/edinmesanovic/Desktop/Ansøgninger/CEGO/interview-assignment/vendor/symfony/console/Application.php(167): Symfony\\Component\\Console\\Application->doRun(Object(Symfony\\Component\\Console\\Input\\ArgvInput), Object(Symfony\\Component\\Console\\Output\\ConsoleOutput))
#2 /Users/edinmesanovic/Desktop/Ansøgninger/CEGO/interview-assignment/vendor/illuminate/console/Application.php(92): Symfony\\Component\\Console\\Application->run(Object(Symfony\\Component\\Console\\Input\\ArgvInput), Object(Symfony\\Component\\Console\\Output\\ConsoleOutput))
#3 /Users/edinmesanovic/Desktop/Ansøgninger/CEGO/interview-assignment/vendor/laravel/lumen-framework/src/Console/Kernel.php(116): Illuminate\\Console\\Application->run(Object(Symfony\\Component\\Console\\Input\\ArgvInput), Object(Symfony\\Component\\Console\\Output\\ConsoleOutput))
#4 /Users/edinmesanovic/Desktop/Ansøgninger/CEGO/interview-assignment/artisan(35): Laravel\\Lumen\\Console\\Kernel->handle(Object(Symfony\\Component\\Console\\Input\\ArgvInput), Object(Symfony\\Component\\Console\\Output\\ConsoleOutput))
#5 {main}
"} 
[2021-09-02 09:24:03] local.ERROR: Command "serve" is not defined. {"exception":"[object] (Symfony\\Component\\Console\\Exception\\CommandNotFoundException(code: 0): Command \"serve\" is not defined. at /Users/edinmesanovic/Desktop/Ansøgninger/CEGO/interview-assignment/vendor/symfony/console/Application.php:682)
[stacktrace]
#0 /Users/edinmesanovic/Desktop/Ansøgninger/CEGO/interview-assignment/vendor/symfony/console/Application.php(255): Symfony\\Component\\Console\\Application->find('serve')
#1 /Users/edinmesanovic/Desktop/Ansøgninger/CEGO/interview-assignment/vendor/symfony/console/Application.php(167): Symfony\\Component\\Console\\Application->doRun(Object(Symfony\\Component\\Console\\Input\\ArgvInput), Object(Symfony\\Component\\Console\\Output\\ConsoleOutput))
#2 /Users/edinmesanovic/Desktop/Ansøgninger/CEGO/interview-assignment/vendor/illuminate/console/Application.php(92): Symfony\\Component\\Console\\Application->run(Object(Symfony\\Component\\Console\\Input\\ArgvInput), Object(Symfony\\Component\\Console\\Output\\ConsoleOutput))
#3 /Users/edinmesanovic/Desktop/Ansøgninger/CEGO/interview-assignment/vendor/laravel/lumen-framework/src/Console/Kernel.php(116): Illuminate\\Console\\Application->run(Object(Symfony\\Component\\Console\\Input\\ArgvInput), Object(Symfony\\Component\\Console\\Output\\ConsoleOutput))
#4 /Users/edinmesanovic/Desktop/Ansøgninger/CEGO/interview-assignment/artisan(35): Laravel\\Lumen\\Console\\Kernel->handle(Object(Symfony\\Component\\Console\\Input\\ArgvInput), Object(Symfony\\Component\\Console\\Output\\ConsoleOutput))
#5 {main}
"} 
[2021-09-02 09:25:01] local.ERROR: Command "serve" is not defined. {"exception":"[object] (Symfony\\Component\\Console\\Exception\\CommandNotFoundException(code: 0): Command \"serve\" is not defined. at /Users/edinmesanovic/Desktop/Ansøgninger/CEGO/interview-assignment/vendor/symfony/console/Application.php:682)
[stacktrace]
#0 /Users/edinmesanovic/Desktop/Ansøgninger/CEGO/interview-assignment/vendor/symfony/console/Application.php(255): Symfony\\Component\\Console\\Application->find('serve')
#1 /Users/edinmesanovic/Desktop/Ansøgninger/CEGO/interview-assignment/vendor/symfony/console/Application.php(167): Symfony\\Component\\Console\\Application->doRun(Object(Symfony\\Component\\Console\\Input\\ArgvInput), Object(Symfony\\Component\\Console\\Output\\ConsoleOutput))
#2 /Users/edinmesanovic/Desktop/Ansøgninger/CEGO/interview-assignment/vendor/illuminate/console/Application.php(92): Symfony\\Component\\Console\\Application->run(Object(Symfony\\Component\\Console\\Input\\ArgvInput), Object(Symfony\\Component\\Console\\Output\\ConsoleOutput))
#3 /Users/edinmesanovic/Desktop/Ansøgninger/CEGO/interview-assignment/vendor/laravel/lumen-framework/src/Console/Kernel.php(116): Illuminate\\Console\\Application->run(Object(Symfony\\Component\\Console\\Input\\ArgvInput), Object(Symfony\\Component\\Console\\Output\\ConsoleOutput))
#4 /Users/edinmesanovic/Desktop/Ansøgninger/CEGO/interview-assignment/artisan(35): Laravel\\Lumen\\Console\\Kernel->handle(Object(Symfony\\Component\\Console\\Input\\ArgvInput), Object(Symfony\\Component\\Console\\Output\\ConsoleOutput))
#5 {main}
"} 
